This is pdfTeX, Version 3.1415926-2.5-1.40.14 (MiKTeX 2.9) (preloaded format=pdflatex 2014.12.5)  1 JAN 2015 08:08
entering extended mode
**iwsk_ultimate.tex
("F:\Uczelnia\Sem 5\IwSK\iwsk_ultimate\iwsk_ultimate.tex"
LaTeX2e <2011/06/27>
Babel <v3.8m> and hyphenation patterns for english, afrikaans, ancientgreek, ar
abic, armenian, assamese, basque, bengali, bokmal, bulgarian, catalan, coptic, 
croatian, czech, danish, dutch, esperanto, estonian, farsi, finnish, french, ga
lician, german, german-x-2013-05-26, greek, gujarati, hindi, hungarian, iceland
ic, indonesian, interlingua, irish, italian, kannada, kurmanji, latin, latvian,
 lithuanian, malayalam, marathi, mongolian, mongolianlmc, monogreek, ngerman, n
german-x-2013-05-26, nynorsk, oriya, panjabi, pinyin, polish, portuguese, roman
ian, russian, sanskrit, serbian, slovak, slovenian, spanish, swedish, swissgerm
an, tamil, telugu, turkish, turkmen, ukenglish, ukrainian, uppersorbian, usengl
ishmax, welsh, loaded.
("C:\Program Files\MiKTeX 2.9\tex\latex\base\article.cls"
Document Class: article 2007/10/19 v1.4h Standard LaTeX document class
("C:\Program Files\MiKTeX 2.9\tex\latex\base\size10.clo"
File: size10.clo 2007/10/19 v1.4h Standard LaTeX file (size option)
)
\c@part=\count79
\c@section=\count80
\c@subsection=\count81
\c@subsubsection=\count82
\c@paragraph=\count83
\c@subparagraph=\count84
\c@figure=\count85
\c@table=\count86
\abovecaptionskip=\skip41
\belowcaptionskip=\skip42
\bibindent=\dimen102
)
("C:\Program Files\MiKTeX 2.9\tex\latex\polski\polski.sty"
Package: polski 2008/02/24 v1.3.3 Polish language package

Document language package `polski' v1.3.3 <2008/02/24>
\l@nohyphenation=\language69
   Switching to Polish text encoding and Polish maths fonts.
("C:\Program Files\MiKTeX 2.9\tex\latex\base\ot4enc.def"
File: ot4enc.def 2005/09/27 v1.99g Standard LaTeX file
)
LaTeX Font Info:    Try loading font information for OT4+cmr on input line 346.


("C:\Program Files\MiKTeX 2.9\tex\latex\polski\ot4cmr.fd"
File: ot4cmr.fd 2008/02/24 v1.2.1 Font defs for fonts PL (MW)
)
LaTeX Font Info:    Overwriting math alphabet `\mathbf' in version `normal'
(Font)                  OT1/cmr/bx/n --> OT4/cmr/bx/n on input line 346.
LaTeX Font Info:    Overwriting math alphabet `\mathsf' in version `normal'
(Font)                  OT1/cmss/m/n --> OT4/cmss/m/n on input line 346.
LaTeX Font Info:    Overwriting math alphabet `\mathit' in version `normal'
(Font)                  OT1/cmr/m/it --> OT4/cmr/m/it on input line 346.
LaTeX Font Info:    Overwriting math alphabet `\mathtt' in version `normal'
(Font)                  OT1/cmtt/m/n --> OT4/cmtt/m/n on input line 346.
LaTeX Font Info:    Overwriting math alphabet `\mathsf' in version `bold'
(Font)                  OT1/cmss/bx/n --> OT4/cmss/bx/n on input line 346.
LaTeX Font Info:    Overwriting math alphabet `\mathit' in version `bold'
(Font)                  OT1/cmr/bx/it --> OT4/cmr/bx/it on input line 346.
LaTeX Font Info:    Encoding `OT1' has changed to `OT4' for symbol font
(Font)              `operators' in the math version `normal' on input line 346.

LaTeX Font Info:    Overwriting symbol font `operators' in version `normal'
(Font)                  OT1/cmr/m/n --> OT4/cmr/m/n on input line 346.
LaTeX Font Info:    Overwriting symbol font `letters' in version `normal'
(Font)                  OML/cmm/m/it --> OML/plm/m/it on input line 346.
LaTeX Font Info:    Overwriting symbol font `symbols' in version `normal'
(Font)                  OMS/cmsy/m/n --> OMS/plsy/m/n on input line 346.
LaTeX Font Info:    Overwriting symbol font `largesymbols' in version `normal'
(Font)                  OMX/cmex/m/n --> OMX/plex/m/n on input line 346.
LaTeX Font Info:    Encoding `OT1' has changed to `OT4' for symbol font
(Font)              `operators' in the math version `bold' on input line 346.
LaTeX Font Info:    Overwriting symbol font `operators' in version `bold'
(Font)                  OT1/cmr/bx/n --> OT4/cmr/bx/n on input line 346.
LaTeX Font Info:    Overwriting symbol font `letters' in version `bold'
(Font)                  OML/cmm/b/it --> OML/plm/b/it on input line 346.
LaTeX Font Info:    Overwriting symbol font `symbols' in version `bold'
(Font)                  OMS/cmsy/b/n --> OMS/plsy/b/n on input line 346.
)
("C:\Program Files\MiKTeX 2.9\tex\latex\base\inputenc.sty"
Package: inputenc 2008/03/30 v1.1d Input encoding file
\inpenc@prehook=\toks14
\inpenc@posthook=\toks15

("C:\Program Files\MiKTeX 2.9\tex\latex\base\utf8.def"
File: utf8.def 2008/04/05 v1.1m UTF-8 support for inputenc
Now handling font encoding OML ...
... no UTF-8 mapping file for font encoding OML
Now handling font encoding T1 ...
... processing UTF-8 mapping file for font encoding T1

("C:\Program Files\MiKTeX 2.9\tex\latex\base\t1enc.dfu"
File: t1enc.dfu 2008/04/05 v1.1m UTF-8 support for inputenc
   defining Unicode char U+00A1 (decimal 161)
   defining Unicode char U+00A3 (decimal 163)
   defining Unicode char U+00AB (decimal 171)
   defining Unicode char U+00BB (decimal 187)
   defining Unicode char U+00BF (decimal 191)
   defining Unicode char U+00C0 (decimal 192)
   defining Unicode char U+00C1 (decimal 193)
   defining Unicode char U+00C2 (decimal 194)
   defining Unicode char U+00C3 (decimal 195)
   defining Unicode char U+00C4 (decimal 196)
   defining Unicode char U+00C5 (decimal 197)
   defining Unicode char U+00C6 (decimal 198)
   defining Unicode char U+00C7 (decimal 199)
   defining Unicode char U+00C8 (decimal 200)
   defining Unicode char U+00C9 (decimal 201)
   defining Unicode char U+00CA (decimal 202)
   defining Unicode char U+00CB (decimal 203)
   defining Unicode char U+00CC (decimal 204)
   defining Unicode char U+00CD (decimal 205)
   defining Unicode char U+00CE (decimal 206)
   defining Unicode char U+00CF (decimal 207)
   defining Unicode char U+00D0 (decimal 208)
   defining Unicode char U+00D1 (decimal 209)
   defining Unicode char U+00D2 (decimal 210)
   defining Unicode char U+00D3 (decimal 211)
   defining Unicode char U+00D4 (decimal 212)
   defining Unicode char U+00D5 (decimal 213)
   defining Unicode char U+00D6 (decimal 214)
   defining Unicode char U+00D8 (decimal 216)
   defining Unicode char U+00D9 (decimal 217)
   defining Unicode char U+00DA (decimal 218)
   defining Unicode char U+00DB (decimal 219)
   defining Unicode char U+00DC (decimal 220)
   defining Unicode char U+00DD (decimal 221)
   defining Unicode char U+00DE (decimal 222)
   defining Unicode char U+00DF (decimal 223)
   defining Unicode char U+00E0 (decimal 224)
   defining Unicode char U+00E1 (decimal 225)
   defining Unicode char U+00E2 (decimal 226)
   defining Unicode char U+00E3 (decimal 227)
   defining Unicode char U+00E4 (decimal 228)
   defining Unicode char U+00E5 (decimal 229)
   defining Unicode char U+00E6 (decimal 230)
   defining Unicode char U+00E7 (decimal 231)
   defining Unicode char U+00E8 (decimal 232)
   defining Unicode char U+00E9 (decimal 233)
   defining Unicode char U+00EA (decimal 234)
   defining Unicode char U+00EB (decimal 235)
   defining Unicode char U+00EC (decimal 236)
   defining Unicode char U+00ED (decimal 237)
   defining Unicode char U+00EE (decimal 238)
   defining Unicode char U+00EF (decimal 239)
   defining Unicode char U+00F0 (decimal 240)
   defining Unicode char U+00F1 (decimal 241)
   defining Unicode char U+00F2 (decimal 242)
   defining Unicode char U+00F3 (decimal 243)
   defining Unicode char U+00F4 (decimal 244)
   defining Unicode char U+00F5 (decimal 245)
   defining Unicode char U+00F6 (decimal 246)
   defining Unicode char U+00F8 (decimal 248)
   defining Unicode char U+00F9 (decimal 249)
   defining Unicode char U+00FA (decimal 250)
   defining Unicode char U+00FB (decimal 251)
   defining Unicode char U+00FC (decimal 252)
   defining Unicode char U+00FD (decimal 253)
   defining Unicode char U+00FE (decimal 254)
   defining Unicode char U+00FF (decimal 255)
   defining Unicode char U+0102 (decimal 258)
   defining Unicode char U+0103 (decimal 259)
   defining Unicode char U+0104 (decimal 260)
   defining Unicode char U+0105 (decimal 261)
   defining Unicode char U+0106 (decimal 262)
   defining Unicode char U+0107 (decimal 263)
   defining Unicode char U+010C (decimal 268)
   defining Unicode char U+010D (decimal 269)
   defining Unicode char U+010E (decimal 270)
   defining Unicode char U+010F (decimal 271)
   defining Unicode char U+0110 (decimal 272)
   defining Unicode char U+0111 (decimal 273)
   defining Unicode char U+0118 (decimal 280)
   defining Unicode char U+0119 (decimal 281)
   defining Unicode char U+011A (decimal 282)
   defining Unicode char U+011B (decimal 283)
   defining Unicode char U+011E (decimal 286)
   defining Unicode char U+011F (decimal 287)
   defining Unicode char U+0130 (decimal 304)
   defining Unicode char U+0131 (decimal 305)
   defining Unicode char U+0132 (decimal 306)
   defining Unicode char U+0133 (decimal 307)
   defining Unicode char U+0139 (decimal 313)
   defining Unicode char U+013A (decimal 314)
   defining Unicode char U+013D (decimal 317)
   defining Unicode char U+013E (decimal 318)
   defining Unicode char U+0141 (decimal 321)
   defining Unicode char U+0142 (decimal 322)
   defining Unicode char U+0143 (decimal 323)
   defining Unicode char U+0144 (decimal 324)
   defining Unicode char U+0147 (decimal 327)
   defining Unicode char U+0148 (decimal 328)
   defining Unicode char U+014A (decimal 330)
   defining Unicode char U+014B (decimal 331)
   defining Unicode char U+0150 (decimal 336)
   defining Unicode char U+0151 (decimal 337)
   defining Unicode char U+0152 (decimal 338)
   defining Unicode char U+0153 (decimal 339)
   defining Unicode char U+0154 (decimal 340)
   defining Unicode char U+0155 (decimal 341)
   defining Unicode char U+0158 (decimal 344)
   defining Unicode char U+0159 (decimal 345)
   defining Unicode char U+015A (decimal 346)
   defining Unicode char U+015B (decimal 347)
   defining Unicode char U+015E (decimal 350)
   defining Unicode char U+015F (decimal 351)
   defining Unicode char U+0160 (decimal 352)
   defining Unicode char U+0161 (decimal 353)
   defining Unicode char U+0162 (decimal 354)
   defining Unicode char U+0163 (decimal 355)
   defining Unicode char U+0164 (decimal 356)
   defining Unicode char U+0165 (decimal 357)
   defining Unicode char U+016E (decimal 366)
   defining Unicode char U+016F (decimal 367)
   defining Unicode char U+0170 (decimal 368)
   defining Unicode char U+0171 (decimal 369)
   defining Unicode char U+0178 (decimal 376)
   defining Unicode char U+0179 (decimal 377)
   defining Unicode char U+017A (decimal 378)
   defining Unicode char U+017B (decimal 379)
   defining Unicode char U+017C (decimal 380)
   defining Unicode char U+017D (decimal 381)
   defining Unicode char U+017E (decimal 382)
   defining Unicode char U+200C (decimal 8204)
   defining Unicode char U+2013 (decimal 8211)
   defining Unicode char U+2014 (decimal 8212)
   defining Unicode char U+2018 (decimal 8216)
   defining Unicode char U+2019 (decimal 8217)
   defining Unicode char U+201A (decimal 8218)
   defining Unicode char U+201C (decimal 8220)
   defining Unicode char U+201D (decimal 8221)
   defining Unicode char U+201E (decimal 8222)
   defining Unicode char U+2030 (decimal 8240)
   defining Unicode char U+2031 (decimal 8241)
   defining Unicode char U+2039 (decimal 8249)
   defining Unicode char U+203A (decimal 8250)
   defining Unicode char U+2423 (decimal 9251)
)
Now handling font encoding OT1 ...
... processing UTF-8 mapping file for font encoding OT1

("C:\Program Files\MiKTeX 2.9\tex\latex\base\ot1enc.dfu"
File: ot1enc.dfu 2008/04/05 v1.1m UTF-8 support for inputenc
   defining Unicode char U+00A1 (decimal 161)
   defining Unicode char U+00A3 (decimal 163)
   defining Unicode char U+00B8 (decimal 184)
   defining Unicode char U+00BF (decimal 191)
   defining Unicode char U+00C5 (decimal 197)
   defining Unicode char U+00C6 (decimal 198)
   defining Unicode char U+00D8 (decimal 216)
   defining Unicode char U+00DF (decimal 223)
   defining Unicode char U+00E6 (decimal 230)
   defining Unicode char U+00EC (decimal 236)
   defining Unicode char U+00ED (decimal 237)
   defining Unicode char U+00EE (decimal 238)
   defining Unicode char U+00EF (decimal 239)
   defining Unicode char U+00F8 (decimal 248)
   defining Unicode char U+0131 (decimal 305)
   defining Unicode char U+0141 (decimal 321)
   defining Unicode char U+0142 (decimal 322)
   defining Unicode char U+0152 (decimal 338)
   defining Unicode char U+0153 (decimal 339)
   defining Unicode char U+2013 (decimal 8211)
   defining Unicode char U+2014 (decimal 8212)
   defining Unicode char U+2018 (decimal 8216)
   defining Unicode char U+2019 (decimal 8217)
   defining Unicode char U+201C (decimal 8220)
   defining Unicode char U+201D (decimal 8221)
)
Now handling font encoding OMS ...
... processing UTF-8 mapping file for font encoding OMS

("C:\Program Files\MiKTeX 2.9\tex\latex\base\omsenc.dfu"
File: omsenc.dfu 2008/04/05 v1.1m UTF-8 support for inputenc
   defining Unicode char U+00A7 (decimal 167)
   defining Unicode char U+00B6 (decimal 182)
   defining Unicode char U+00B7 (decimal 183)
   defining Unicode char U+2020 (decimal 8224)
   defining Unicode char U+2021 (decimal 8225)
   defining Unicode char U+2022 (decimal 8226)
)
Now handling font encoding OMX ...
... no UTF-8 mapping file for font encoding OMX
Now handling font encoding U ...
... no UTF-8 mapping file for font encoding U
Now handling font encoding OT4 ...
... no UTF-8 mapping file for font encoding OT4
   defining Unicode char U+00A9 (decimal 169)
   defining Unicode char U+00AA (decimal 170)
   defining Unicode char U+00AE (decimal 174)
   defining Unicode char U+00BA (decimal 186)
   defining Unicode char U+02C6 (decimal 710)
   defining Unicode char U+02DC (decimal 732)
   defining Unicode char U+200C (decimal 8204)
   defining Unicode char U+2026 (decimal 8230)
   defining Unicode char U+2122 (decimal 8482)
   defining Unicode char U+2423 (decimal 9251)
))
("C:\Program Files\MiKTeX 2.9\tex\latex\graphics\graphicx.sty"
Package: graphicx 1999/02/16 v1.0f Enhanced LaTeX Graphics (DPC,SPQR)

("C:\Program Files\MiKTeX 2.9\tex\latex\graphics\keyval.sty"
Package: keyval 1999/03/16 v1.13 key=value parser (DPC)
\KV@toks@=\toks16
)
("C:\Program Files\MiKTeX 2.9\tex\latex\graphics\graphics.sty"
Package: graphics 2009/02/05 v1.0o Standard LaTeX Graphics (DPC,SPQR)

("C:\Program Files\MiKTeX 2.9\tex\latex\graphics\trig.sty"
Package: trig 1999/03/16 v1.09 sin cos tan (DPC)
)
("C:\Program Files\MiKTeX 2.9\tex\latex\00miktex\graphics.cfg"
File: graphics.cfg 2007/01/18 v1.5 graphics configuration of teTeX/TeXLive
)
Package graphics Info: Driver file: pdftex.def on input line 91.

("C:\Program Files\MiKTeX 2.9\tex\latex\pdftex-def\pdftex.def"
File: pdftex.def 2011/05/27 v0.06d Graphics/color for pdfTeX

("C:\Program Files\MiKTeX 2.9\tex\generic\oberdiek\infwarerr.sty"
Package: infwarerr 2010/04/08 v1.3 Providing info/warning/error messages (HO)
)
("C:\Program Files\MiKTeX 2.9\tex\generic\oberdiek\ltxcmds.sty"
Package: ltxcmds 2011/11/09 v1.22 LaTeX kernel commands for general use (HO)
)
\Gread@gobject=\count87
))
\Gin@req@height=\dimen103
\Gin@req@width=\dimen104
)
("C:\Program Files\MiKTeX 2.9\tex\latex\amsmath\amsmath.sty"
Package: amsmath 2013/01/14 v2.14 AMS math features
\@mathmargin=\skip43

For additional information on amsmath, use the `?' option.
("C:\Program Files\MiKTeX 2.9\tex\latex\amsmath\amstext.sty"
Package: amstext 2000/06/29 v2.01

("C:\Program Files\MiKTeX 2.9\tex\latex\amsmath\amsgen.sty"
File: amsgen.sty 1999/11/30 v2.0
\@emptytoks=\toks17
\ex@=\dimen105
))
("C:\Program Files\MiKTeX 2.9\tex\latex\amsmath\amsbsy.sty"
Package: amsbsy 1999/11/29 v1.2d
\pmbraise@=\dimen106
)
("C:\Program Files\MiKTeX 2.9\tex\latex\amsmath\amsopn.sty"
Package: amsopn 1999/12/14 v2.01 operator names
)
\inf@bad=\count88
LaTeX Info: Redefining \frac on input line 210.
\uproot@=\count89
\leftroot@=\count90
LaTeX Info: Redefining \overline on input line 306.
\classnum@=\count91
\DOTSCASE@=\count92
LaTeX Info: Redefining \ldots on input line 378.
LaTeX Info: Redefining \dots on input line 381.
LaTeX Info: Redefining \cdots on input line 466.
\Mathstrutbox@=\box26
\strutbox@=\box27
\big@size=\dimen107
LaTeX Font Info:    Redeclaring font encoding OML on input line 566.
LaTeX Font Info:    Redeclaring font encoding OMS on input line 567.
\macc@depth=\count93
\c@MaxMatrixCols=\count94
\dotsspace@=\muskip10
\c@parentequation=\count95
\dspbrk@lvl=\count96
\tag@help=\toks18
\row@=\count97
\column@=\count98
\maxfields@=\count99
\andhelp@=\toks19
\eqnshift@=\dimen108
\alignsep@=\dimen109
\tagshift@=\dimen110
\tagwidth@=\dimen111
\totwidth@=\dimen112
\lineht@=\dimen113
\@envbody=\toks20
\multlinegap=\skip44
\multlinetaggap=\skip45
\mathdisplay@stack=\toks21
LaTeX Info: Redefining \[ on input line 2665.
LaTeX Info: Redefining \] on input line 2666.
)
("C:\Program Files\MiKTeX 2.9\tex\latex\hyperref\hyperref.sty"
Package: hyperref 2012/11/06 v6.83m Hypertext links for LaTeX

("C:\Program Files\MiKTeX 2.9\tex\generic\oberdiek\hobsub-hyperref.sty"
Package: hobsub-hyperref 2012/04/25 v1.12 Bundle oberdiek, subset hyperref (HO)


("C:\Program Files\MiKTeX 2.9\tex\generic\oberdiek\hobsub-generic.sty"
Package: hobsub-generic 2012/04/25 v1.12 Bundle oberdiek, subset generic (HO)
Package: hobsub 2012/04/25 v1.12 Construct package bundles (HO)
Package hobsub Info: Skipping package `infwarerr' (already loaded).
Package hobsub Info: Skipping package `ltxcmds' (already loaded).
Package: ifluatex 2010/03/01 v1.3 Provides the ifluatex switch (HO)
Package ifluatex Info: LuaTeX not detected.
Package: ifvtex 2010/03/01 v1.5 Detect VTeX and its facilities (HO)
Package ifvtex Info: VTeX not detected.
Package: intcalc 2007/09/27 v1.1 Expandable calculations with integers (HO)
Package: ifpdf 2011/01/30 v2.3 Provides the ifpdf switch (HO)
Package ifpdf Info: pdfTeX in PDF mode is detected.
Package: etexcmds 2011/02/16 v1.5 Avoid name clashes with e-TeX commands (HO)
Package etexcmds Info: Could not find \expanded.
(etexcmds)             That can mean that you are not using pdfTeX 1.50 or
(etexcmds)             that some package has redefined \expanded.
(etexcmds)             In the latter case, load this package earlier.
Package: kvsetkeys 2012/04/25 v1.16 Key value parser (HO)
Package: kvdefinekeys 2011/04/07 v1.3 Define keys (HO)
Package: pdftexcmds 2011/11/29 v0.20 Utility functions of pdfTeX for LuaTeX (HO
)
Package pdftexcmds Info: LuaTeX not detected.
Package pdftexcmds Info: \pdf@primitive is available.
Package pdftexcmds Info: \pdf@ifprimitive is available.
Package pdftexcmds Info: \pdfdraftmode found.
Package: pdfescape 2011/11/25 v1.13 Implements pdfTeX's escape features (HO)
Package: bigintcalc 2012/04/08 v1.3 Expandable calculations on big integers (HO
)
Package: bitset 2011/01/30 v1.1 Handle bit-vector datatype (HO)
Package: uniquecounter 2011/01/30 v1.2 Provide unlimited unique counter (HO)
)
Package hobsub Info: Skipping package `hobsub' (already loaded).
Package: letltxmacro 2010/09/02 v1.4 Let assignment for LaTeX macros (HO)
Package: hopatch 2011/06/24 v1.1 Wrapper for package hooks (HO)
Package: xcolor-patch 2011/01/30 xcolor patch
Package: atveryend 2011/06/30 v1.8 Hooks at the very end of document (HO)
Package atveryend Info: \enddocument detected (standard20110627).
Package: atbegshi 2011/10/05 v1.16 At begin shipout hook (HO)
Package: refcount 2011/10/16 v3.4 Data extraction from label references (HO)
Package: hycolor 2011/01/30 v1.7 Color options for hyperref/bookmark (HO)
)
("C:\Program Files\MiKTeX 2.9\tex\generic\ifxetex\ifxetex.sty"
Package: ifxetex 2010/09/12 v0.6 Provides ifxetex conditional
)
("C:\Program Files\MiKTeX 2.9\tex\latex\oberdiek\auxhook.sty"
Package: auxhook 2011/03/04 v1.3 Hooks for auxiliary files (HO)
)
("C:\Program Files\MiKTeX 2.9\tex\latex\oberdiek\kvoptions.sty"
Package: kvoptions 2011/06/30 v3.11 Key value format for package options (HO)
)
\@linkdim=\dimen114
\Hy@linkcounter=\count100
\Hy@pagecounter=\count101

("C:\Program Files\MiKTeX 2.9\tex\latex\hyperref\pd1enc.def"
File: pd1enc.def 2012/11/06 v6.83m Hyperref: PDFDocEncoding definition (HO)
Now handling font encoding PD1 ...
... no UTF-8 mapping file for font encoding PD1
)
\Hy@SavedSpaceFactor=\count102

("C:\Program Files\MiKTeX 2.9\tex\latex\00miktex\hyperref.cfg"
File: hyperref.cfg 2002/06/06 v1.2 hyperref configuration of TeXLive
)
Package hyperref Info: Option `unicode' set `true' on input line 4319.

("C:\Program Files\MiKTeX 2.9\tex\latex\hyperref\puenc.def"
File: puenc.def 2012/11/06 v6.83m Hyperref: PDF Unicode definition (HO)
Now handling font encoding PU ...
... no UTF-8 mapping file for font encoding PU
)
Package hyperref Info: Option `bookmarks' set `true' on input line 4319.
Package hyperref Info: Hyper figures OFF on input line 4443.
Package hyperref Info: Link nesting OFF on input line 4448.
Package hyperref Info: Hyper index ON on input line 4451.
Package hyperref Info: Plain pages OFF on input line 4458.
Package hyperref Info: Backreferencing OFF on input line 4463.
Package hyperref Info: Implicit mode ON; LaTeX internals redefined.
Package hyperref Info: Bookmarks ON on input line 4688.
\c@Hy@tempcnt=\count103

("C:\Program Files\MiKTeX 2.9\tex\latex\url\url.sty"
\Urlmuskip=\muskip11
Package: url 2013/09/16  ver 3.4  Verb mode for urls, etc.
)
LaTeX Info: Redefining \url on input line 5041.
\XeTeXLinkMargin=\dimen115
\Fld@menulength=\count104
\Field@Width=\dimen116
\Fld@charsize=\dimen117
Package hyperref Info: Hyper figures OFF on input line 6295.
Package hyperref Info: Link nesting OFF on input line 6300.
Package hyperref Info: Hyper index ON on input line 6303.
Package hyperref Info: backreferencing OFF on input line 6310.
Package hyperref Info: Link coloring OFF on input line 6315.
Package hyperref Info: Link coloring with OCG OFF on input line 6320.
Package hyperref Info: PDF/A mode OFF on input line 6325.
LaTeX Info: Redefining \ref on input line 6365.
LaTeX Info: Redefining \pageref on input line 6369.
\Hy@abspage=\count105
\c@Item=\count106
\c@Hfootnote=\count107
)

Package hyperref Message: Driver (autodetected): hpdftex.

("C:\Program Files\MiKTeX 2.9\tex\latex\hyperref\hpdftex.def"
File: hpdftex.def 2012/11/06 v6.83m Hyperref driver for pdfTeX
\Fld@listcount=\count108
\c@bookmark@seq@number=\count109

("C:\Program Files\MiKTeX 2.9\tex\latex\oberdiek\rerunfilecheck.sty"
Package: rerunfilecheck 2011/04/15 v1.7 Rerun checks for auxiliary files (HO)
Package uniquecounter Info: New unique counter `rerunfilecheck' on input line 2
82.
)
\Hy@SectionHShift=\skip46
)
("C:\Program Files\MiKTeX 2.9\tex\latex\tabto\tabto.sty"
Package: tabto 2013/03/25  v 1.3  Another tabbing mechanism
\CurrentLineWidth=\dimen118
)
("C:\Program Files\MiKTeX 2.9\tex\latex\tools\array.sty"
Package: array 2008/09/09 v2.4c Tabular extension package (FMi)
\col@sep=\dimen119
\extrarowheight=\dimen120
\NC@list=\toks22
\extratabsurround=\skip47
\backup@length=\skip48
)
("C:\Program Files\MiKTeX 2.9\tex\latex\multirow\multirow.sty"
\bigstrutjot=\dimen121
)
("C:\Program Files\MiKTeX 2.9\tex\latex\tools\dcolumn.sty"
Package: dcolumn 2001/05/28 v1.06 decimal alignment package (DPC)
)
("C:\Program Files\MiKTeX 2.9\tex\latex\multirow\bigstrut.sty")
("C:\Program Files\MiKTeX 2.9\tex\latex\graphics\color.sty"
Package: color 2005/11/14 v1.0j Standard LaTeX Color (DPC)

("C:\Program Files\MiKTeX 2.9\tex\latex\00miktex\color.cfg"
File: color.cfg 2007/01/18 v1.5 color configuration of teTeX/TeXLive
)
Package color Info: Driver file: pdftex.def on input line 130.
)
("C:\Program Files\MiKTeX 2.9\tex\latex\xcolor\xcolor.sty"
Package: xcolor 2007/01/21 v2.11 LaTeX color extensions (UK)

("C:\Program Files\MiKTeX 2.9\tex\latex\00miktex\color.cfg"
File: color.cfg 2007/01/18 v1.5 color configuration of teTeX/TeXLive
)
Package xcolor Info: Package option `usenames' ignored on input line 216.
Package xcolor Info: Driver file: pdftex.def on input line 225.
LaTeX Info: Redefining \color on input line 702.
Package xcolor Info: Model `cmy' substituted by `cmy0' on input line 1337.
Package xcolor Info: Model `hsb' substituted by `rgb' on input line 1341.
Package xcolor Info: Model `RGB' extended on input line 1353.
Package xcolor Info: Model `HTML' substituted by `rgb' on input line 1355.
Package xcolor Info: Model `Hsb' substituted by `hsb' on input line 1356.
Package xcolor Info: Model `tHsb' substituted by `hsb' on input line 1357.
Package xcolor Info: Model `HSB' substituted by `hsb' on input line 1358.
Package xcolor Info: Model `Gray' substituted by `gray' on input line 1359.
Package xcolor Info: Model `wave' substituted by `hsb' on input line 1360.

("C:\Program Files\MiKTeX 2.9\tex\latex\graphics\dvipsnam.def"
File: dvipsnam.def 1999/02/16 v3.0i Driver-dependant file (DPC,SPQR)
))
("C:\Program Files\MiKTeX 2.9\tex\latex\pdfpages\pdfpages.sty"
Package: pdfpages 2013/08/25 v0.4v Insert pages of external PDF documents (AM)

("C:\Program Files\MiKTeX 2.9\tex\latex\base\ifthen.sty"
Package: ifthen 2001/05/26 v1.1c Standard LaTeX ifthen package (DPC)
)
("C:\Program Files\MiKTeX 2.9\tex\latex\tools\calc.sty"
Package: calc 2007/08/22 v4.3 Infix arithmetic (KKT,FJ)
\calc@Acount=\count110
\calc@Bcount=\count111
\calc@Adimen=\dimen122
\calc@Bdimen=\dimen123
\calc@Askip=\skip49
\calc@Bskip=\skip50
LaTeX Info: Redefining \setlength on input line 76.
LaTeX Info: Redefining \addtolength on input line 77.
\calc@Ccount=\count112
\calc@Cskip=\skip51
)
("C:\Program Files\MiKTeX 2.9\tex\latex\eso-pic\eso-pic.sty"
Package: eso-pic 2013/10/06 v2.0d eso-pic (RN)
)
("C:\Program Files\MiKTeX 2.9\tex\latex\pdfpages\pppdftex.def"
File: pppdftex.def 2013/08/25 v0.4v Pdfpages driver for pdfTeX (AM)
)
\AM@pagebox=\box28
\AM@toc@title=\toks23
\c@AM@survey=\count113
\AM@templatesizebox=\box29
)
("C:\Program Files\MiKTeX 2.9\tex\latex\sidecap\sidecap.sty"
Package: sidecap 2003/06/06 v1.6f SideCap Package (RN/HjG)
\SC@BOXWD=\dimen124
\SC@CAPWD=\dimen125
\SC@tempdima=\dimen126
\SC@tempdimb=\dimen127
\c@SC@C=\count114
\SC@BOX=\box30
)
("C:\Program Files\MiKTeX 2.9\tex\latex\wrapfig\wrapfig.sty"
\wrapoverhang=\dimen128
\WF@size=\dimen129
\c@WF@wrappedlines=\count115
\WF@box=\box31
\WF@everypar=\toks24
Package: wrapfig 2003/01/31  v 3.6
)
("C:\Program Files\MiKTeX 2.9\tex\latex\titlesec\titlesec.sty"
Package: titlesec 2011/12/15 v2.10.0 Sectioning titles
\ttl@box=\box32
\beforetitleunit=\skip52
\aftertitleunit=\skip53
\ttl@plus=\dimen130
\ttl@minus=\dimen131
\ttl@toksa=\toks25
\titlewidth=\dimen132
\titlewidthlast=\dimen133
\titlewidthfirst=\dimen134
)
("F:\Uczelnia\Sem 5\IwSK\iwsk_ultimate\iwsk_ultimate.aux")
LaTeX Font Info:    Checking defaults for OML/cmm/m/it on input line 49.
LaTeX Font Info:    ... okay on input line 49.
LaTeX Font Info:    Checking defaults for T1/cmr/m/n on input line 49.
LaTeX Font Info:    ... okay on input line 49.
LaTeX Font Info:    Checking defaults for OT1/cmr/m/n on input line 49.
LaTeX Font Info:    ... okay on input line 49.
LaTeX Font Info:    Checking defaults for OMS/cmsy/m/n on input line 49.
LaTeX Font Info:    ... okay on input line 49.
LaTeX Font Info:    Checking defaults for OMX/cmex/m/n on input line 49.
LaTeX Font Info:    ... okay on input line 49.
LaTeX Font Info:    Checking defaults for U/cmr/m/n on input line 49.
LaTeX Font Info:    ... okay on input line 49.
LaTeX Font Info:    Checking defaults for OT4/cmr/m/n on input line 49.
LaTeX Font Info:    ... okay on input line 49.
LaTeX Font Info:    Checking defaults for PD1/pdf/m/n on input line 49.
LaTeX Font Info:    ... okay on input line 49.
LaTeX Font Info:    Checking defaults for PU/pdf/m/n on input line 49.
LaTeX Font Info:    ... okay on input line 49.

("C:\Program Files\MiKTeX 2.9\tex\context\base\supp-pdf.mkii"
[Loading MPS to PDF converter (version 2006.09.02).]
\scratchcounter=\count116
\scratchdimen=\dimen135
\scratchbox=\box33
\nofMPsegments=\count117
\nofMParguments=\count118
\everyMPshowfont=\toks26
\MPscratchCnt=\count119
\MPscratchDim=\dimen136
\MPnumerator=\count120
\makeMPintoPDFobject=\count121
\everyMPtoPDFconversion=\toks27
)
\AtBeginShipoutBox=\box34
Package hyperref Info: Link coloring OFF on input line 49.
 ("C:\Program Files\MiKTeX 2.9\tex\latex\hyperref\nameref.sty"
Package: nameref 2012/10/27 v2.43 Cross-referencing by name of section

("C:\Program Files\MiKTeX 2.9\tex\generic\oberdiek\gettitlestring.sty"
Package: gettitlestring 2010/12/03 v1.4 Cleanup title references (HO)
)
\c@section@level=\count122
)
LaTeX Info: Redefining \ref on input line 49.
LaTeX Info: Redefining \pageref on input line 49.
LaTeX Info: Redefining \nameref on input line 49.

("F:\Uczelnia\Sem 5\IwSK\iwsk_ultimate\iwsk_ultimate.out")
("F:\Uczelnia\Sem 5\IwSK\iwsk_ultimate\iwsk_ultimate.out")
\@outlinefile=\write3

("C:\Program Files\MiKTeX 2.9\tex\latex\ms\ragged2e.sty"
Package: ragged2e 2009/05/21 v2.1 ragged2e Package (MS)

("C:\Program Files\MiKTeX 2.9\tex\latex\ms\everysel.sty"
Package: everysel 2011/10/28 v1.2 EverySelectfont Package (MS)

ABD: EverySelectfont initializing macros
LaTeX Info: Redefining \selectfont on input line 126.
)
\CenteringLeftskip=\skip54
\RaggedLeftLeftskip=\skip55
\RaggedRightLeftskip=\skip56
\CenteringRightskip=\skip57
\RaggedLeftRightskip=\skip58
\RaggedRightRightskip=\skip59
\CenteringParfillskip=\skip60
\RaggedLeftParfillskip=\skip61
\RaggedRightParfillskip=\skip62
\JustifyingParfillskip=\skip63
\CenteringParindent=\skip64
\RaggedLeftParindent=\skip65
\RaggedRightParindent=\skip66
\JustifyingParindent=\skip67
)
LaTeX Font Info:    Try loading font information for OML+plm on input line 58.

("C:\Program Files\MiKTeX 2.9\tex\latex\polski\omlplm.fd"
File: omlplm.fd 2008/02/24 v1.2.1 Font defs for fonts PL (MW)
)
LaTeX Font Info:    Try loading font information for OMS+plsy on input line 58.


("C:\Program Files\MiKTeX 2.9\tex\latex\polski\omsplsy.fd"
File: omsplsy.fd 2008/02/24 v1.2.1 Font defs for fonts PL (MW)
)
LaTeX Font Info:    Try loading font information for OMX+plex on input line 58.


("C:\Program Files\MiKTeX 2.9\tex\latex\polski\omxplex.fd"
File: omxplex.fd 2008/02/24 v1.2.1 Font defs for fonts PL (MW)
)
LaTeX Font Info:    External font `plex10' loaded for size
(Font)              <12> on input line 58.
LaTeX Font Info:    External font `plex10' loaded for size
(Font)              <8> on input line 58.
LaTeX Font Info:    External font `plex10' loaded for size
(Font)              <6> on input line 58.
 [1

{C:/ProgramData/MiKTeX/2.9/pdftex/config/pdftex.map}]
("F:\Uczelnia\Sem 5\IwSK\iwsk_ultimate\tex\pytania.tex"
LaTeX Font Info:    Try loading font information for OMS+cmr on input line 8.

("C:\Program Files\MiKTeX 2.9\tex\latex\base\omscmr.fd"
File: omscmr.fd 1999/05/25 v2.5h Standard LaTeX font definitions
)
LaTeX Font Info:    Font shape `OMS/cmr/m/n' in size <10> not available
(Font)              Font shape `OMS/cmsy/m/n' tried instead on input line 8.
 [2] [3] [4] [5]
Overfull \hbox (5.69856pt too wide) in paragraph at lines 222--224
[][]\OT4/cmr/m/n/10 Urz¡dzenie IE-EE 1394 b¦-d¡-ce kon-su-men-tem za-si-la-nia 
mo-»e po-sia-dad co naj-wy-»ej jed-no 6-kontaktowe
 []


Underfull \hbox (badness 10000) in paragraph at lines 246--248

 []

[6] [7] [8]) ("F:\Uczelnia\Sem 5\IwSK\iwsk_ultimate\tex\rs.tex"

pdfTeX warning: pdflatex.exe (file F:/Uczelnia/Sem 5/IwSK/iwsk_ultimate/wyklady
/RS232_2_1.pdf): PDF inclusion: found PDF version <1.7>, but at most version <1
.5> allowed
<./wyklady/RS232_2_1.pdf, id=516, 375.1114pt x 116.9397pt>
File: ./wyklady/RS232_2_1.pdf Graphic file (type pdf)

<use ./wyklady/RS232_2_1.pdf>
Package pdftex.def Info: ./wyklady/RS232_2_1.pdf used on input line 12.
(pdftex.def)             Requested size: 256.0748pt x 79.83376pt.


pdfTeX warning: pdflatex.exe (file F:/Uczelnia/Sem 5/IwSK/iwsk_ultimate/wyklady
/RS232_2_2.pdf): PDF inclusion: found PDF version <1.7>, but at most version <1
.5> allowed
<./wyklady/RS232_2_2.pdf, id=517, 369.45024pt x 179.55759pt>
File: ./wyklady/RS232_2_2.pdf Graphic file (type pdf)

<use ./wyklady/RS232_2_2.pdf>
Package pdftex.def Info: ./wyklady/RS232_2_2.pdf used on input line 14.
(pdftex.def)             Requested size: 256.0748pt x 124.45926pt.
 [9 <F:/Uczelnia/Sem 5/IwSK/iwsk_ultimate/wyklady/RS232_2_1.pdf, page is rotate
d 90 degrees> <F:/Uczelnia/Sem 5/IwSK/iwsk_ultimate/wyklady/RS232_2_2.pdf, page
 is rotated 90 degrees>]
LaTeX Font Info:    External font `plex10' loaded for size
(Font)              <10> on input line 21.
LaTeX Font Info:    External font `plex10' loaded for size
(Font)              <7> on input line 21.
LaTeX Font Info:    External font `plex10' loaded for size
(Font)              <5> on input line 21.


pdfTeX warning: pdflatex.exe (file F:/Uczelnia/Sem 5/IwSK/iwsk_ultimate/wyklady
/RS232_3_2.pdf): PDF inclusion: found PDF version <1.7>, but at most version <1
.5> allowed
<./wyklady/RS232_3_2.pdf, id=567, 693.67157pt x 169.13596pt>
File: ./wyklady/RS232_3_2.pdf Graphic file (type pdf)

<use ./wyklady/RS232_3_2.pdf>
Package pdftex.def Info: ./wyklady/RS232_3_2.pdf used on input line 26.
(pdftex.def)             Requested size: 284.52756pt x 69.37457pt.

Underfull \hbox (badness 10000) in paragraph at lines 25--27

 []


Underfull \hbox (badness 10000) in paragraph at lines 28--29

 []

[10 <F:/Uczelnia/Sem 5/IwSK/iwsk_ultimate/wyklady/RS232_3_2.pdf, page is rotate
d 90 degrees>]

pdfTeX warning: pdflatex.exe (file F:/Uczelnia/Sem 5/IwSK/iwsk_ultimate/wyklady
/RS232_4_1.pdf): PDF inclusion: found PDF version <1.7>, but at most version <1
.5> allowed
<./wyklady/RS232_4_1.pdf, id=589, 694.43939pt x 215.45282pt>
File: ./wyklady/RS232_4_1.pdf Graphic file (type pdf)

<use ./wyklady/RS232_4_1.pdf>
Package pdftex.def Info: ./wyklady/RS232_4_1.pdf used on input line 61.
(pdftex.def)             Requested size: 256.0748pt x 79.4467pt.


pdfTeX warning: pdflatex.exe (file F:/Uczelnia/Sem 5/IwSK/iwsk_ultimate/wyklady
/RS232_6_1.pdf): PDF inclusion: found PDF version <1.7>, but at most version <1
.5> allowed
<./wyklady/RS232_6_1.pdf, id=590, 668.28676pt x 233.32658pt>
File: ./wyklady/RS232_6_1.pdf Graphic file (type pdf)

<use ./wyklady/RS232_6_1.pdf>
Package pdftex.def Info: ./wyklady/RS232_6_1.pdf used on input line 79.
(pdftex.def)             Requested size: 341.43306pt x 119.20859pt.
 [11 <F:/Uczelnia/Sem 5/IwSK/iwsk_ultimate/wyklady/RS232_4_1.pdf, page is rotat
ed 90 degrees>]

pdfTeX warning: pdflatex.exe (file F:/Uczelnia/Sem 5/IwSK/iwsk_ultimate/wyklady
/RS232_7_1.pdf): PDF inclusion: found PDF version <1.7>, but at most version <1
.5> allowed
<./wyklady/RS232_7_1.pdf, id=612, 491.82745pt x 297.59862pt>
File: ./wyklady/RS232_7_1.pdf Graphic file (type pdf)

<use ./wyklady/RS232_7_1.pdf>
Package pdftex.def Info: ./wyklady/RS232_7_1.pdf used on input line 111.
(pdftex.def)             Requested size: 256.0748pt x 154.95197pt.

Underfull \vbox (badness 10000) has occurred while \output is active []

 [12 <F:/Uczelnia/Sem 5/IwSK/iwsk_ultimate/wyklady/RS232_6_1.pdf, page is rotat
ed 90 degrees>]

pdfTeX warning: pdflatex.exe (file F:/Uczelnia/Sem 5/IwSK/iwsk_ultimate/wyklady
/RS232_9_1.pdf): PDF inclusion: found PDF version <1.7>, but at most version <1
.5> allowed
<./wyklady/RS232_9_1.pdf, id=631, 357.02866pt x 225.33777pt>
File: ./wyklady/RS232_9_1.pdf Graphic file (type pdf)

<use ./wyklady/RS232_9_1.pdf>
Package pdftex.def Info: ./wyklady/RS232_9_1.pdf used on input line 119.
(pdftex.def)             Requested size: 256.0748pt x 161.63103pt.


pdfTeX warning: pdflatex.exe (file F:/Uczelnia/Sem 5/IwSK/iwsk_ultimate/wyklady
/RS232_9_2.pdf): PDF inclusion: found PDF version <1.7>, but at most version <1
.5> allowed
<./wyklady/RS232_9_2.pdf, id=632, 349.69644pt x 116.1439pt>
File: ./wyklady/RS232_9_2.pdf Graphic file (type pdf)

<use ./wyklady/RS232_9_2.pdf>
Package pdftex.def Info: ./wyklady/RS232_9_2.pdf used on input line 128.
(pdftex.def)             Requested size: 256.0748pt x 85.05016pt.
 [13 <F:/Uczelnia/Sem 5/IwSK/iwsk_ultimate/wyklady/RS232_7_1.pdf, page is rotat
ed 90 degrees> <F:/Uczelnia/Sem 5/IwSK/iwsk_ultimate/wyklady/RS232_9_1.pdf, pag
e is rotated 90 degrees>]

pdfTeX warning: pdflatex.exe (file F:/Uczelnia/Sem 5/IwSK/iwsk_ultimate/wyklady
/RS232_10_1.pdf): PDF inclusion: found PDF version <1.7>, but at most version <
1.5> allowed
<./wyklady/RS232_10_1.pdf, id=663, 494.57901pt x 595.64911pt>
File: ./wyklady/RS232_10_1.pdf Graphic file (type pdf)

<use ./wyklady/RS232_10_1.pdf>
Package pdftex.def Info: ./wyklady/RS232_10_1.pdf used on input line 135.
(pdftex.def)             Requested size: 256.0748pt x 308.41234pt.


pdfTeX warning: pdflatex.exe (file F:/Uczelnia/Sem 5/IwSK/iwsk_ultimate/wyklady
/RS232_12_1.pdf): PDF inclusion: found PDF version <1.7>, but at most version <
1.5> allowed
<./wyklady/RS232_12_1.pdf, id=664, 625.70787pt x 178.73965pt>
File: ./wyklady/RS232_12_1.pdf Graphic file (type pdf)

<use ./wyklady/RS232_12_1.pdf>
Package pdftex.def Info: ./wyklady/RS232_12_1.pdf used on input line 141.
(pdftex.def)             Requested size: 256.0748pt x 73.15007pt.

Underfull \vbox (badness 10000) has occurred while \output is active []

 [14 <F:/Uczelnia/Sem 5/IwSK/iwsk_ultimate/wyklady/RS232_9_2.pdf, page is rotat
ed 90 degrees> <F:/Uczelnia/Sem 5/IwSK/iwsk_ultimate/wyklady/RS232_10_1.pdf, pa
ge is rotated 90 degrees>]

pdfTeX warning: pdflatex.exe (file F:/Uczelnia/Sem 5/IwSK/iwsk_ultimate/wyklady
/RS232_12_2.pdf): PDF inclusion: found PDF version <1.7>, but at most version <
1.5> allowed
<./wyklady/RS232_12_2.pdf, id=701, 634.03789pt x 167.91414pt>
File: ./wyklady/RS232_12_2.pdf Graphic file (type pdf)

<use ./wyklady/RS232_12_2.pdf>
Package pdftex.def Info: ./wyklady/RS232_12_2.pdf used on input line 151.
(pdftex.def)             Requested size: 256.0748pt x 67.81525pt.


pdfTeX warning: pdflatex.exe (file F:/Uczelnia/Sem 5/IwSK/iwsk_ultimate/wyklady
/RS232_13_1.pdf): PDF inclusion: found PDF version <1.7>, but at most version <
1.5> allowed
<./wyklady/RS232_13_1.pdf, id=702, 688.57018pt x 340.504pt>
File: ./wyklady/RS232_13_1.pdf Graphic file (type pdf)

<use ./wyklady/RS232_13_1.pdf>
Package pdftex.def Info: ./wyklady/RS232_13_1.pdf used on input line 165.
(pdftex.def)             Requested size: 284.52756pt x 140.69862pt.
 [15 <F:/Uczelnia/Sem 5/IwSK/iwsk_ultimate/wyklady/RS232_12_1.pdf, page is rota
ted 90 degrees> <F:/Uczelnia/Sem 5/IwSK/iwsk_ultimate/wyklady/RS232_12_2.pdf, p
age is rotated 90 degrees>]

pdfTeX warning: pdflatex.exe (file F:/Uczelnia/Sem 5/IwSK/iwsk_ultimate/wyklady
/RS232_14_1.pdf): PDF inclusion: found PDF version <1.7>, but at most version <
1.5> allowed
<./wyklady/RS232_14_1.pdf, id=737, 699.29028pt x 339.66081pt>
File: ./wyklady/RS232_14_1.pdf Graphic file (type pdf)

<use ./wyklady/RS232_14_1.pdf>
Package pdftex.def Info: ./wyklady/RS232_14_1.pdf used on input line 169.
(pdftex.def)             Requested size: 256.0748pt x 124.382pt.


pdfTeX warning: pdflatex.exe (file F:/Uczelnia/Sem 5/IwSK/iwsk_ultimate/wyklady
/RS232_15_1.pdf): PDF inclusion: found PDF version <1.7>, but at most version <
1.5> allowed
<./wyklady/RS232_15_1.pdf, id=738, 711.33754pt x 468.02858pt>
File: ./wyklady/RS232_15_1.pdf Graphic file (type pdf)

<use ./wyklady/RS232_15_1.pdf>
Package pdftex.def Info: ./wyklady/RS232_15_1.pdf used on input line 183.
(pdftex.def)             Requested size: 284.52756pt x 187.2081pt.

Underfull \vbox (badness 10000) has occurred while \output is active []

 [16 <F:/Uczelnia/Sem 5/IwSK/iwsk_ultimate/wyklady/RS232_13_1.pdf, page is rota
ted 90 degrees> <F:/Uczelnia/Sem 5/IwSK/iwsk_ultimate/wyklady/RS232_14_1.pdf, p
age is rotated 90 degrees>]

pdfTeX warning: pdflatex.exe (file F:/Uczelnia/Sem 5/IwSK/iwsk_ultimate/wyklady
/RS232_16_1.pdf): PDF inclusion: found PDF version <1.7>, but at most version <
1.5> allowed
<./wyklady/RS232_16_1.pdf, id=800, 689.97563pt x 430.92175pt>
File: ./wyklady/RS232_16_1.pdf Graphic file (type pdf)

<use ./wyklady/RS232_16_1.pdf>
Package pdftex.def Info: ./wyklady/RS232_16_1.pdf used on input line 196.
(pdftex.def)             Requested size: 256.0748pt x 159.9317pt.

Underfull \hbox (badness 10000) in paragraph at lines 196--197

 []


Underfull \hbox (badness 10000) in paragraph at lines 198--199

 []

[17 <F:/Uczelnia/Sem 5/IwSK/iwsk_ultimate/wyklady/RS232_15_1.pdf, page is rotat
ed 90 degrees> <F:/Uczelnia/Sem 5/IwSK/iwsk_ultimate/wyklady/RS232_16_1.pdf, pa
ge is rotated 90 degrees>]

pdfTeX warning: pdflatex.exe (file F:/Uczelnia/Sem 5/IwSK/iwsk_ultimate/wyklady
/RS232_18_1.pdf): PDF inclusion: found PDF version <1.7>, but at most version <
1.5> allowed
<./wyklady/RS232_18_1.pdf, id=862, 613.29124pt x 183.54967pt>
File: ./wyklady/RS232_18_1.pdf Graphic file (type pdf)

<use ./wyklady/RS232_18_1.pdf>
Package pdftex.def Info: ./wyklady/RS232_18_1.pdf used on input line 241.
(pdftex.def)             Requested size: 284.52756pt x 85.15366pt.

Underfull \hbox (badness 10000) in paragraph at lines 240--242

 []

[18]

pdfTeX warning: pdflatex.exe (file F:/Uczelnia/Sem 5/IwSK/iwsk_ultimate/wyklady
/RS232_18_2.pdf): PDF inclusion: found PDF version <1.7>, but at most version <
1.5> allowed
<./wyklady/RS232_18_2.pdf, id=867, 674.60031pt x 127.74927pt>
File: ./wyklady/RS232_18_2.pdf Graphic file (type pdf)

<use ./wyklady/RS232_18_2.pdf>
Package pdftex.def Info: ./wyklady/RS232_18_2.pdf used on input line 257.
(pdftex.def)             Requested size: 284.52756pt x 53.88043pt.
 [19 <F:/Uczelnia/Sem 5/IwSK/iwsk_ultimate/wyklady/RS232_18_1.pdf, page is rota
ted 90 degrees> <F:/Uczelnia/Sem 5/IwSK/iwsk_ultimate/wyklady/RS232_18_2.pdf, p
age is rotated 90 degrees>])
("F:\Uczelnia\Sem 5\IwSK\iwsk_ultimate\tex\usb.tex" [20]

pdfTeX warning: pdflatex.exe (file F:/Uczelnia/Sem 5/IwSK/iwsk_ultimate/wyklady
/USB_6_1.pdf): PDF inclusion: found PDF version <1.7>, but at most version <1.5
> allowed
<./wyklady/USB_6_1.pdf, id=915, 427.81836pt x 408.30542pt>
File: ./wyklady/USB_6_1.pdf Graphic file (type pdf)

<use ./wyklady/USB_6_1.pdf>
Package pdftex.def Info: ./wyklady/USB_6_1.pdf used on input line 42.
(pdftex.def)             Requested size: 284.52756pt x 271.55084pt.

Underfull \vbox (badness 7081) has occurred while \output is active []

 [21]

pdfTeX warning: pdflatex.exe (file F:/Uczelnia/Sem 5/IwSK/iwsk_ultimate/wyklady
/USB_7_1.pdf): PDF inclusion: found PDF version <1.7>, but at most version <1.5
> allowed
<./wyklady/USB_7_1.pdf, id=920, 394.19273pt x 315.59909pt>
File: ./wyklady/USB_7_1.pdf Graphic file (type pdf)

<use ./wyklady/USB_7_1.pdf>
Package pdftex.def Info: ./wyklady/USB_7_1.pdf used on input line 51.
(pdftex.def)             Requested size: 284.52756pt x 227.79941pt.

Underfull \hbox (badness 10000) in paragraph at lines 45--53

 []


Underfull \hbox (badness 10000) in paragraph at lines 45--53

 []

[22 <F:/Uczelnia/Sem 5/IwSK/iwsk_ultimate/wyklady/USB_6_1.pdf, page is rotated 
90 degrees> <F:/Uczelnia/Sem 5/IwSK/iwsk_ultimate/wyklady/USB_7_1.pdf, page is 
rotated 90 degrees>]

pdfTeX warning: pdflatex.exe (file F:/Uczelnia/Sem 5/IwSK/iwsk_ultimate/wyklady
/USB_9_1.pdf): PDF inclusion: found PDF version <1.7>, but at most version <1.5
> allowed
<./wyklady/USB_9_1.pdf, id=945, 643.46397pt x 121.49391pt>
File: ./wyklady/USB_9_1.pdf Graphic file (type pdf)

<use ./wyklady/USB_9_1.pdf>
Package pdftex.def Info: ./wyklady/USB_9_1.pdf used on input line 60.
(pdftex.def)             Requested size: 426.79134pt x 80.58478pt.

Underfull \hbox (badness 10000) in paragraph at lines 58--61

 []



pdfTeX warning: pdflatex.exe (file F:/Uczelnia/Sem 5/IwSK/iwsk_ultimate/wyklady
/USB_10_1.pdf): PDF inclusion: found PDF version <1.7>, but at most version <1.
5> allowed
<./wyklady/USB_10_1.pdf, id=946, 222.25032pt x 221.46738pt>
File: ./wyklady/USB_10_1.pdf Graphic file (type pdf)

<use ./wyklady/USB_10_1.pdf>
Package pdftex.def Info: ./wyklady/USB_10_1.pdf used on input line 63.
(pdftex.def)             Requested size: 170.71652pt x 170.12488pt.
 [23 <F:/Uczelnia/Sem 5/IwSK/iwsk_ultimate/wyklady/USB_9_1.pdf, page is rotated
 90 degrees> <F:/Uczelnia/Sem 5/IwSK/iwsk_ultimate/wyklady/USB_10_1.pdf, page i
s rotated 90 degrees>]

pdfTeX warning: pdflatex.exe (file F:/Uczelnia/Sem 5/IwSK/iwsk_ultimate/wyklady
/USB_11_1.pdf): PDF inclusion: found PDF version <1.7>, but at most version <1.
5> allowed
<./wyklady/USB_11_1.pdf, id=980, 516.62009pt x 190.9936pt>
File: ./wyklady/USB_11_1.pdf Graphic file (type pdf)

<use ./wyklady/USB_11_1.pdf>
Package pdftex.def Info: ./wyklady/USB_11_1.pdf used on input line 104.
(pdftex.def)             Requested size: 284.52756pt x 105.19252pt.


pdfTeX warning: pdflatex.exe (file F:/Uczelnia/Sem 5/IwSK/iwsk_ultimate/wyklady
/USB_12_1.pdf): PDF inclusion: found PDF version <1.7>, but at most version <1.
5> allowed
<./wyklady/USB_12_1.pdf, id=981, 646.77866pt x 453.7429pt>
File: ./wyklady/USB_12_1.pdf Graphic file (type pdf)

<use ./wyklady/USB_12_1.pdf>
Package pdftex.def Info: ./wyklady/USB_12_1.pdf used on input line 131.
(pdftex.def)             Requested size: 284.52756pt x 199.61287pt.


pdfTeX warning: pdflatex.exe (file F:/Uczelnia/Sem 5/IwSK/iwsk_ultimate/wyklady
/USB_13_1.pdf): PDF inclusion: found PDF version <1.7>, but at most version <1.
5> allowed
<./wyklady/USB_13_1.pdf, id=982, 528.32906pt x 379.40746pt>
File: ./wyklady/USB_13_1.pdf Graphic file (type pdf)

<use ./wyklady/USB_13_1.pdf>
Package pdftex.def Info: ./wyklady/USB_13_1.pdf used on input line 132.
(pdftex.def)             Requested size: 284.52756pt x 204.33278pt.

Underfull \hbox (badness 10000) in paragraph at lines 130--133

 []


Underfull \hbox (badness 10000) in paragraph at lines 130--133

 []

[24 <F:/Uczelnia/Sem 5/IwSK/iwsk_ultimate/wyklady/USB_11_1.pdf, page is rotated
 90 degrees>] [25 <F:/Uczelnia/Sem 5/IwSK/iwsk_ultimate/wyklady/USB_12_1.pdf, p
age is rotated 90 degrees> <F:/Uczelnia/Sem 5/IwSK/iwsk_ultimate/wyklady/USB_13
_1.pdf, page is rotated 90 degrees>]

pdfTeX warning: pdflatex.exe (file F:/Uczelnia/Sem 5/IwSK/iwsk_ultimate/wyklady
/USB_16_1.pdf): PDF inclusion: found PDF version <1.7>, but at most version <1.
5> allowed
<./wyklady/USB_16_1.pdf, id=1253, 328.76831pt x 465.84038pt>
File: ./wyklady/USB_16_1.pdf Graphic file (type pdf)

<use ./wyklady/USB_16_1.pdf>
Package pdftex.def Info: ./wyklady/USB_16_1.pdf used on input line 180.
(pdftex.def)             Requested size: 284.52756pt x 403.17384pt.
 [26]

pdfTeX warning: pdflatex.exe (file F:/Uczelnia/Sem 5/IwSK/iwsk_ultimate/wyklady
/USB_17_1.pdf): PDF inclusion: found PDF version <1.7>, but at most version <1.
5> allowed
<./wyklady/USB_17_1.pdf, id=1258, 619.6651pt x 455.60597pt>
File: ./wyklady/USB_17_1.pdf Graphic file (type pdf)

<use ./wyklady/USB_17_1.pdf>
Package pdftex.def Info: ./wyklady/USB_17_1.pdf used on input line 191.
(pdftex.def)             Requested size: 284.52756pt x 209.19893pt.
 [27 <F:/Uczelnia/Sem 5/IwSK/iwsk_ultimate/wyklady/USB_16_1.pdf, page is rotate
d 90 degrees>]

pdfTeX warning: pdflatex.exe (file F:/Uczelnia/Sem 5/IwSK/iwsk_ultimate/wyklady
/USB_18_1.pdf): PDF inclusion: found PDF version <1.7>, but at most version <1.
5> allowed
<./wyklady/USB_18_1.pdf, id=1273, 690.94096pt x 435.88339pt>
File: ./wyklady/USB_18_1.pdf Graphic file (type pdf)

<use ./wyklady/USB_18_1.pdf>
Package pdftex.def Info: ./wyklady/USB_18_1.pdf used on input line 203.
(pdftex.def)             Requested size: 284.52756pt x 179.49152pt.


pdfTeX warning: pdflatex.exe (file F:/Uczelnia/Sem 5/IwSK/iwsk_ultimate/wyklady
/USB_19_1.pdf): PDF inclusion: found PDF version <1.7>, but at most version <1.
5> allowed
<./wyklady/USB_19_1.pdf, id=1274, 685.41568pt x 421.39816pt>
File: ./wyklady/USB_19_1.pdf Graphic file (type pdf)

<use ./wyklady/USB_19_1.pdf>
Package pdftex.def Info: ./wyklady/USB_19_1.pdf used on input line 205.
(pdftex.def)             Requested size: 284.52756pt x 174.9284pt.

Underfull \vbox (badness 2368) has occurred while \output is active []

 [28 <F:/Uczelnia/Sem 5/IwSK/iwsk_ultimate/wyklady/USB_17_1.pdf, page is rotate
d 90 degrees> <F:/Uczelnia/Sem 5/IwSK/iwsk_ultimate/wyklady/USB_18_1.pdf, page 
is rotated 90 degrees>]

pdfTeX warning: pdflatex.exe (file F:/Uczelnia/Sem 5/IwSK/iwsk_ultimate/wyklady
/USB_20_1.pdf): PDF inclusion: found PDF version <1.7>, but at most version <1.
5> allowed
<./wyklady/USB_20_1.pdf, id=1313, 668.37202pt x 447.21358pt>
File: ./wyklady/USB_20_1.pdf Graphic file (type pdf)

<use ./wyklady/USB_20_1.pdf>
Package pdftex.def Info: ./wyklady/USB_20_1.pdf used on input line 209.
(pdftex.def)             Requested size: 284.52756pt x 190.38739pt.

Underfull \hbox (badness 10000) in paragraph at lines 211--212

 []



pdfTeX warning: pdflatex.exe (file F:/Uczelnia/Sem 5/IwSK/iwsk_ultimate/wyklady
/USB_23_1.pdf): PDF inclusion: found PDF version <1.7>, but at most version <1.
5> allowed
<./wyklady/USB_23_1.pdf, id=1314, 682.841pt x 214.40886pt>
File: ./wyklady/USB_23_1.pdf Graphic file (type pdf)

<use ./wyklady/USB_23_1.pdf>
Package pdftex.def Info: ./wyklady/USB_23_1.pdf used on input line 229.
(pdftex.def)             Requested size: 284.52756pt x 89.34116pt.
 [29 <F:/Uczelnia/Sem 5/IwSK/iwsk_ultimate/wyklady/USB_19_1.pdf, page is rotate
d 90 degrees> <F:/Uczelnia/Sem 5/IwSK/iwsk_ultimate/wyklady/USB_20_1.pdf, page 
is rotated 90 degrees>]

pdfTeX warning: pdflatex.exe (file F:/Uczelnia/Sem 5/IwSK/iwsk_ultimate/wyklady
/USB_24_1.pdf): PDF inclusion: found PDF version <1.7>, but at most version <1.
5> allowed
<./wyklady/USB_24_1.pdf, id=1364, 355.96985pt x 385.72105pt>
File: ./wyklady/USB_24_1.pdf Graphic file (type pdf)

<use ./wyklady/USB_24_1.pdf>
Package pdftex.def Info: ./wyklady/USB_24_1.pdf used on input line 242.
(pdftex.def)             Requested size: 284.52756pt x 308.30652pt.
 [30 <F:/Uczelnia/Sem 5/IwSK/iwsk_ultimate/wyklady/USB_23_1.pdf, page is rotate
d 90 degrees> <F:/Uczelnia/Sem 5/IwSK/iwsk_ultimate/wyklady/USB_24_1.pdf, page 
is rotated 90 degrees>]

pdfTeX warning: pdflatex.exe (file F:/Uczelnia/Sem 5/IwSK/iwsk_ultimate/wyklady
/USB_31_1.pdf): PDF inclusion: found PDF version <1.7>, but at most version <1.
5> allowed
<./wyklady/USB_31_1.pdf, id=1587, 669.93427pt x 289.66194pt>
File: ./wyklady/USB_31_1.pdf Graphic file (type pdf)

<use ./wyklady/USB_31_1.pdf>
Package pdftex.def Info: ./wyklady/USB_31_1.pdf used on input line 269.
(pdftex.def)             Requested size: 284.52756pt x 123.02292pt.
 [31 <F:/Uczelnia/Sem 5/IwSK/iwsk_ultimate/wyklady/USB_31_1.pdf, page is rotate
d 90 degrees>]

pdfTeX warning: pdflatex.exe (file F:/Uczelnia/Sem 5/IwSK/iwsk_ultimate/wyklady
/USB_34_1.pdf): PDF inclusion: found PDF version <1.7>, but at most version <1.
5> allowed
<./wyklady/USB_34_1.pdf, id=1621, 306.86646pt x 262.27989pt>
File: ./wyklady/USB_34_1.pdf Graphic file (type pdf)

<use ./wyklady/USB_34_1.pdf>
Package pdftex.def Info: ./wyklady/USB_34_1.pdf used on input line 281.
(pdftex.def)             Requested size: 284.52756pt x 243.20139pt.
 [32 <F:/Uczelnia/Sem 5/IwSK/iwsk_ultimate/wyklady/USB_34_1.pdf, page is rotate
d 90 degrees>]

pdfTeX warning: pdflatex.exe (file F:/Uczelnia/Sem 5/IwSK/iwsk_ultimate/wyklady
/USB_35_1.pdf): PDF inclusion: found PDF version <1.7>, but at most version <1.
5> allowed
<./wyklady/USB_35_1.pdf, id=1645, 609.53809pt x 406.9321pt>
File: ./wyklady/USB_35_1.pdf Graphic file (type pdf)

<use ./wyklady/USB_35_1.pdf>
Package pdftex.def Info: ./wyklady/USB_35_1.pdf used on input line 304.
(pdftex.def)             Requested size: 227.62204pt x 151.9596pt.


pdfTeX warning: pdflatex.exe (file F:/Uczelnia/Sem 5/IwSK/iwsk_ultimate/wyklady
/USB_36_1.pdf): PDF inclusion: found PDF version <1.7>, but at most version <1.
5> allowed
<./wyklady/USB_36_1.pdf, id=1646, 609.53748pt x 415.48373pt>
File: ./wyklady/USB_36_1.pdf Graphic file (type pdf)

<use ./wyklady/USB_36_1.pdf>
Package pdftex.def Info: ./wyklady/USB_36_1.pdf used on input line 305.
(pdftex.def)             Requested size: 227.62204pt x 155.15302pt.

Overfull \hbox (4.49847pt too wide) in paragraph at lines 304--306
[] [] 
 []



pdfTeX warning: pdflatex.exe (file F:/Uczelnia/Sem 5/IwSK/iwsk_ultimate/wyklady
/USB_38_1.pdf): PDF inclusion: found PDF version <1.7>, but at most version <1.
5> allowed
<./wyklady/USB_38_1.pdf, id=1647, 481.74983pt x 59.45212pt>
File: ./wyklady/USB_38_1.pdf Graphic file (type pdf)

<use ./wyklady/USB_38_1.pdf>
Package pdftex.def Info: ./wyklady/USB_38_1.pdf used on input line 316.
(pdftex.def)             Requested size: 312.9803pt x 38.62617pt.


pdfTeX warning: pdflatex.exe (file F:/Uczelnia/Sem 5/IwSK/iwsk_ultimate/wyklady
/USB_39_1.pdf): PDF inclusion: found PDF version <1.7>, but at most version <1.
5> allowed
<./wyklady/USB_39_1.pdf, id=1648, 433.33896pt x 362.15298pt>
File: ./wyklady/USB_39_1.pdf Graphic file (type pdf)

<use ./wyklady/USB_39_1.pdf>
Package pdftex.def Info: ./wyklady/USB_39_1.pdf used on input line 319.
(pdftex.def)             Requested size: 199.16928pt x 166.45424pt.

Underfull \vbox (badness 2591) has occurred while \output is active []

 [33 <F:/Uczelnia/Sem 5/IwSK/iwsk_ultimate/wyklady/USB_35_1.pdf, page is rotate
d 90 degrees> <F:/Uczelnia/Sem 5/IwSK/iwsk_ultimate/wyklady/USB_36_1.pdf, page 
is rotated 90 degrees> <F:/Uczelnia/Sem 5/IwSK/iwsk_ultimate/wyklady/USB_38_1.p
df, page is rotated 90 degrees>]

pdfTeX warning: pdflatex.exe (file F:/Uczelnia/Sem 5/IwSK/iwsk_ultimate/wyklady
/USB_43_1.pdf): PDF inclusion: found PDF version <1.7>, but at most version <1.
5> allowed
<./wyklady/USB_43_1.pdf, id=1805, 409.23894pt x 280.43053pt>
File: ./wyklady/USB_43_1.pdf Graphic file (type pdf)

<use ./wyklady/USB_43_1.pdf>
Package pdftex.def Info: ./wyklady/USB_43_1.pdf used on input line 344.
(pdftex.def)             Requested size: 199.16928pt x 136.47932pt.
 [34 <F:/Uczelnia/Sem 5/IwSK/iwsk_ultimate/wyklady/USB_39_1.pdf, page is rotate
d 90 degrees>]

pdfTeX warning: pdflatex.exe (file F:/Uczelnia/Sem 5/IwSK/iwsk_ultimate/wyklady
/USB_44_1.pdf): PDF inclusion: found PDF version <1.7>, but at most version <1.
5> allowed
<./wyklady/USB_44_1.pdf, id=1816, 458.03574pt x 295.26993pt>
File: ./wyklady/USB_44_1.pdf Graphic file (type pdf)

<use ./wyklady/USB_44_1.pdf>
Package pdftex.def Info: ./wyklady/USB_44_1.pdf used on input line 346.
(pdftex.def)             Requested size: 199.16928pt x 128.39182pt.


pdfTeX warning: pdflatex.exe (file F:/Uczelnia/Sem 5/IwSK/iwsk_ultimate/wyklady
/USB_46_1.pdf): PDF inclusion: found PDF version <1.7>, but at most version <1.
5> allowed
<./wyklady/USB_46_1.pdf, id=1817, 711.90485pt x 427.35661pt>
File: ./wyklady/USB_46_1.pdf Graphic file (type pdf)

<use ./wyklady/USB_46_1.pdf>
Package pdftex.def Info: ./wyklady/USB_46_1.pdf used on input line 369.
(pdftex.def)             Requested size: 199.16928pt x 119.56122pt.


pdfTeX warning: pdflatex.exe (file F:/Uczelnia/Sem 5/IwSK/iwsk_ultimate/wyklady
/USB_47_1.pdf): PDF inclusion: found PDF version <1.7>, but at most version <1.
5> allowed
<./wyklady/USB_47_1.pdf, id=1818, 472.77002pt x 226.5388pt>
File: ./wyklady/USB_47_1.pdf Graphic file (type pdf)

<use ./wyklady/USB_47_1.pdf>
Package pdftex.def Info: ./wyklady/USB_47_1.pdf used on input line 371.
(pdftex.def)             Requested size: 199.16928pt x 95.436pt.


pdfTeX warning: pdflatex.exe (file F:/Uczelnia/Sem 5/IwSK/iwsk_ultimate/wyklady
/USB_48_1.pdf): PDF inclusion: found PDF version <1.7>, but at most version <1.
5> allowed
<./wyklady/USB_48_1.pdf, id=1819, 471.97028pt x 147.17685pt>
File: ./wyklady/USB_48_1.pdf Graphic file (type pdf)

<use ./wyklady/USB_48_1.pdf>
Package pdftex.def Info: ./wyklady/USB_48_1.pdf used on input line 373.
(pdftex.def)             Requested size: 199.16928pt x 62.10579pt.

Underfull \hbox (badness 10000) in paragraph at lines 368--374

 []


Underfull \hbox (badness 10000) in paragraph at lines 368--374

 []


Underfull \vbox (badness 4266) has occurred while \output is active []

 [35 <F:/Uczelnia/Sem 5/IwSK/iwsk_ultimate/wyklady/USB_43_1.pdf, page is rotate
d 90 degrees> <F:/Uczelnia/Sem 5/IwSK/iwsk_ultimate/wyklady/USB_44_1.pdf, page 
is rotated 90 degrees>]

pdfTeX warning: pdflatex.exe (file F:/Uczelnia/Sem 5/IwSK/iwsk_ultimate/wyklady
/USB_49_1.pdf): PDF inclusion: found PDF version <1.7>, but at most version <1.
5> allowed
<./wyklady/USB_49_1.pdf, id=2272, 695.95752pt x 493.72458pt>
File: ./wyklady/USB_49_1.pdf Graphic file (type pdf)

<use ./wyklady/USB_49_1.pdf>
Package pdftex.def Info: ./wyklady/USB_49_1.pdf used on input line 376.
(pdftex.def)             Requested size: 199.16928pt x 141.29305pt.


pdfTeX warning: pdflatex.exe (file F:/Uczelnia/Sem 5/IwSK/iwsk_ultimate/wyklady
/USB_50_1.pdf): PDF inclusion: found PDF version <1.7>, but at most version <1.
5> allowed
<./wyklady/USB_50_1.pdf, id=2273, 483.75009pt x 198.1963pt>
File: ./wyklady/USB_50_1.pdf Graphic file (type pdf)

<use ./wyklady/USB_50_1.pdf>
Package pdftex.def Info: ./wyklady/USB_50_1.pdf used on input line 378.
(pdftex.def)             Requested size: 199.16928pt x 81.60274pt.


pdfTeX warning: pdflatex.exe (file F:/Uczelnia/Sem 5/IwSK/iwsk_ultimate/wyklady
/USB_51_1.pdf): PDF inclusion: found PDF version <1.7>, but at most version <1.
5> allowed
<./wyklady/USB_51_1.pdf, id=2274, 479.31071pt x 180.34563pt>
File: ./wyklady/USB_51_1.pdf Graphic file (type pdf)

<use ./wyklady/USB_51_1.pdf>
Package pdftex.def Info: ./wyklady/USB_51_1.pdf used on input line 380.
(pdftex.def)             Requested size: 199.16928pt x 74.9411pt.

Underfull \hbox (badness 10000) in paragraph at lines 375--381

 []


Underfull \hbox (badness 10000) in paragraph at lines 375--381

 []

[36 <F:/Uczelnia/Sem 5/IwSK/iwsk_ultimate/wyklady/USB_46_1.pdf, page is rotated
 90 degrees> <F:/Uczelnia/Sem 5/IwSK/iwsk_ultimate/wyklady/USB_47_1.pdf, page i
s rotated 90 degrees> <F:/Uczelnia/Sem 5/IwSK/iwsk_ultimate/wyklady/USB_48_1.pd
f, page is rotated 90 degrees> <F:/Uczelnia/Sem 5/IwSK/iwsk_ultimate/wyklady/US
B_49_1.pdf, page is rotated 90 degrees> <F:/Uczelnia/Sem 5/IwSK/iwsk_ultimate/w
yklady/USB_50_1.pdf, page is rotated 90 degrees>]

pdfTeX warning: pdflatex.exe (file F:/Uczelnia/Sem 5/IwSK/iwsk_ultimate/wyklady
/USB_53_1.pdf): PDF inclusion: found PDF version <1.7>, but at most version <1.
5> allowed
<./wyklady/USB_53_1.pdf, id=2991, 518.11064pt x 143.13939pt>
File: ./wyklady/USB_53_1.pdf Graphic file (type pdf)

<use ./wyklady/USB_53_1.pdf>
Package pdftex.def Info: ./wyklady/USB_53_1.pdf used on input line 393.
(pdftex.def)             Requested size: 199.16928pt x 55.02473pt.


pdfTeX warning: pdflatex.exe (file F:/Uczelnia/Sem 5/IwSK/iwsk_ultimate/wyklady
/USB_56_1.pdf): PDF inclusion: found PDF version <1.7>, but at most version <1.
5> allowed
<./wyklady/USB_56_1.pdf, id=2992, 708.34639pt x 183.29659pt>
File: ./wyklady/USB_56_1.pdf Graphic file (type pdf)

<use ./wyklady/USB_56_1.pdf>
Package pdftex.def Info: ./wyklady/USB_56_1.pdf used on input line 424.
(pdftex.def)             Requested size: 426.79134pt x 110.43747pt.
 [37 <F:/Uczelnia/Sem 5/IwSK/iwsk_ultimate/wyklady/USB_51_1.pdf, page is rotate
d 90 degrees> <F:/Uczelnia/Sem 5/IwSK/iwsk_ultimate/wyklady/USB_53_1.pdf, page 
is rotated 90 degrees>]

pdfTeX warning: pdflatex.exe (file F:/Uczelnia/Sem 5/IwSK/iwsk_ultimate/wyklady
/USB_57_1.pdf): PDF inclusion: found PDF version <1.7>, but at most version <1.
5> allowed
<./wyklady/USB_57_1.pdf, id=3054, 163.24988pt x 379.67824pt>
File: ./wyklady/USB_57_1.pdf Graphic file (type pdf)

<use ./wyklady/USB_57_1.pdf>
Package pdftex.def Info: ./wyklady/USB_57_1.pdf used on input line 427.
(pdftex.def)             Requested size: 85.35826pt x 198.52876pt.
)
("F:\Uczelnia\Sem 5\IwSK\iwsk_ultimate\tex\iee488.tex"
Underfull \hbox (badness 10000) in paragraph at lines 5--9

 []

[38 <F:/Uczelnia/Sem 5/IwSK/iwsk_ultimate/wyklady/USB_56_1.pdf, page is rotated
 90 degrees> <F:/Uczelnia/Sem 5/IwSK/iwsk_ultimate/wyklady/USB_57_1.pdf, page i
s rotated 90 degrees>]

pdfTeX warning: pdflatex.exe (file F:/Uczelnia/Sem 5/IwSK/iwsk_ultimate/wyklady
/IEEE488_SCPI_17_1.pdf): PDF inclusion: found PDF version <1.7>, but at most ve
rsion <1.5> allowed
<./wyklady/IEEE488_SCPI_17_1.pdf, id=3081, 312.14621pt x 358.17815pt>
File: ./wyklady/IEEE488_SCPI_17_1.pdf Graphic file (type pdf)

<use ./wyklady/IEEE488_SCPI_17_1.pdf>
Package pdftex.def Info: ./wyklady/IEEE488_SCPI_17_1.pdf used on input line 22.

(pdftex.def)             Requested size: 199.16928pt x 228.53912pt.


pdfTeX warning: pdflatex.exe (file F:/Uczelnia/Sem 5/IwSK/iwsk_ultimate/wyklady
/IEEE488_SCPI_18_1.pdf): PDF inclusion: found PDF version <1.7>, but at most ve
rsion <1.5> allowed
<./wyklady/IEEE488_SCPI_18_1.pdf, id=3082, 596.0268pt x 316.34189pt>
File: ./wyklady/IEEE488_SCPI_18_1.pdf Graphic file (type pdf)

<use ./wyklady/IEEE488_SCPI_18_1.pdf>
Package pdftex.def Info: ./wyklady/IEEE488_SCPI_18_1.pdf used on input line 23.

(pdftex.def)             Requested size: 256.0748pt x 135.91333pt.

Overfull \hbox (4.49847pt too wide) in paragraph at lines 21--24
[] [] 
 []



pdfTeX warning: pdflatex.exe (file F:/Uczelnia/Sem 5/IwSK/iwsk_ultimate/wyklady
/IEEE488_SCPI_2_1.pdf): PDF inclusion: found PDF version <1.7>, but at most ver
sion <1.5> allowed
<./wyklady/IEEE488_SCPI_2_1.pdf, id=3083, 536.82558pt x 153.09985pt>
File: ./wyklady/IEEE488_SCPI_2_1.pdf Graphic file (type pdf)

<use ./wyklady/IEEE488_SCPI_2_1.pdf>
Package pdftex.def Info: ./wyklady/IEEE488_SCPI_2_1.pdf used on input line 45.
(pdftex.def)             Requested size: 284.52756pt x 81.1472pt.


pdfTeX warning: pdflatex.exe (file F:/Uczelnia/Sem 5/IwSK/iwsk_ultimate/wyklady
/IEEE488_SCPI_2_2.pdf): PDF inclusion: found PDF version <1.7>, but at most ver
sion <1.5> allowed
<./wyklady/IEEE488_SCPI_2_2.pdf, id=3084, 235.27899pt x 90.61855pt>
File: ./wyklady/IEEE488_SCPI_2_2.pdf Graphic file (type pdf)

<use ./wyklady/IEEE488_SCPI_2_2.pdf>
Package pdftex.def Info: ./wyklady/IEEE488_SCPI_2_2.pdf used on input line 48.
(pdftex.def)             Requested size: 227.62204pt x 87.6731pt.
 [39 <F:/Uczelnia/Sem 5/IwSK/iwsk_ultimate/wyklady/IEEE488_SCPI_17_1.pdf, page 
is rotated 90 degrees> <F:/Uczelnia/Sem 5/IwSK/iwsk_ultimate/wyklady/IEEE488_SC
PI_18_1.pdf, page is rotated 90 degrees>]

pdfTeX warning: pdflatex.exe (file F:/Uczelnia/Sem 5/IwSK/iwsk_ultimate/wyklady
/IEEE488_SCPI_3_1.pdf): PDF inclusion: found PDF version <1.7>, but at most ver
sion <1.5> allowed
<./wyklady/IEEE488_SCPI_3_1.pdf, id=3101, 317.92776pt x 472.44507pt>
File: ./wyklady/IEEE488_SCPI_3_1.pdf Graphic file (type pdf)

<use ./wyklady/IEEE488_SCPI_3_1.pdf>
Package pdftex.def Info: ./wyklady/IEEE488_SCPI_3_1.pdf used on input line 55.
(pdftex.def)             Requested size: 181.18436pt x 269.24602pt.

Underfull \hbox (badness 1354) in paragraph at lines 70--71
[]\OT4/cmr/m/n/10 DIO1-DIO8 { dwu-kie-run-ko-wa ma-gi-stra-la
 []


Underfull \hbox (badness 1675) in paragraph at lines 78--79
\OT4/cmr/m/n/10 ozna-cza, »e sys-tem jest za-rz¡-dza-ny
 []


Underfull \hbox (badness 1454) in paragraph at lines 80--81
[]\OT4/cmr/m/n/10 SRQ (\OT4/cmr/m/it/10 Se-rvi-ce re-qu-est \OT4/cmr/m/n/10 { w
ej-±cie), 1
 []

[40 <F:/Uczelnia/Sem 5/IwSK/iwsk_ultimate/wyklady/IEEE488_SCPI_2_1.pdf, page is
 rotated 90 degrees> <F:/Uczelnia/Sem 5/IwSK/iwsk_ultimate/wyklady/IEEE488_SCPI
_2_2.pdf, page is rotated 90 degrees> <F:/Uczelnia/Sem 5/IwSK/iwsk_ultimate/wyk
lady/IEEE488_SCPI_3_1.pdf, page is rotated 90 degrees>]

pdfTeX warning: pdflatex.exe (file F:/Uczelnia/Sem 5/IwSK/iwsk_ultimate/wyklady
/IEEE488_SCPI_8_1.pdf): PDF inclusion: found PDF version <1.7>, but at most ver
sion <1.5> allowed
<./wyklady/IEEE488_SCPI_8_1.pdf, id=3142, 530.7145pt x 280.60835pt>
File: ./wyklady/IEEE488_SCPI_8_1.pdf Graphic file (type pdf)

<use ./wyklady/IEEE488_SCPI_8_1.pdf>
Package pdftex.def Info: ./wyklady/IEEE488_SCPI_8_1.pdf used on input line 112.

(pdftex.def)             Requested size: 284.52756pt x 150.44725pt.

Underfull \hbox (badness 10000) in paragraph at lines 112--115

 []

[41 <F:/Uczelnia/Sem 5/IwSK/iwsk_ultimate/wyklady/IEEE488_SCPI_8_1.pdf, page is
 rotated 90 degrees>]

pdfTeX warning: pdflatex.exe (file F:/Uczelnia/Sem 5/IwSK/iwsk_ultimate/wyklady
/IEEE488_SCPI_11_1.pdf): PDF inclusion: found PDF version <1.7>, but at most ve
rsion <1.5> allowed
<./wyklady/IEEE488_SCPI_11_1.pdf, id=3162, 199.02354pt x 268.04138pt>
File: ./wyklady/IEEE488_SCPI_11_1.pdf Graphic file (type pdf)

<use ./wyklady/IEEE488_SCPI_11_1.pdf>
Package pdftex.def Info: ./wyklady/IEEE488_SCPI_11_1.pdf used on input line 139
.
(pdftex.def)             Requested size: 135.89172pt x 183.02235pt.


pdfTeX warning: pdflatex.exe (file F:/Uczelnia/Sem 5/IwSK/iwsk_ultimate/wyklady
/IEEE488_SCPI_12_1.pdf): PDF inclusion: found PDF version <1.7>, but at most ve
rsion <1.5> allowed
<./wyklady/IEEE488_SCPI_12_1.pdf, id=3163, 534.63742pt x 409.48987pt>
File: ./wyklady/IEEE488_SCPI_12_1.pdf Graphic file (type pdf)

<use ./wyklady/IEEE488_SCPI_12_1.pdf>
Package pdftex.def Info: ./wyklady/IEEE488_SCPI_12_1.pdf used on input line 153
.
(pdftex.def)             Requested size: 284.52756pt x 217.92834pt.

Underfull \hbox (badness 1077) in paragraph at lines 161--162
\OT4/cmr/m/n/10 kon-tro-le-rem, a urz¡-dze-niem na po-zio-mie
 []

[42 <F:/Uczelnia/Sem 5/IwSK/iwsk_ultimate/wyklady/IEEE488_SCPI_11_1.pdf, page i
s rotated 90 degrees> <F:/Uczelnia/Sem 5/IwSK/iwsk_ultimate/wyklady/IEEE488_SCP
I_12_1.pdf, page is rotated 90 degrees>]

pdfTeX warning: pdflatex.exe (file F:/Uczelnia/Sem 5/IwSK/iwsk_ultimate/wyklady
/IEEE488_SCPI_19_1.pdf): PDF inclusion: found PDF version <1.7>, but at most ve
rsion <1.5> allowed
<./wyklady/IEEE488_SCPI_19_1.pdf, id=3190, 453.6903pt x 393.90338pt>
File: ./wyklady/IEEE488_SCPI_19_1.pdf Graphic file (type pdf)

<use ./wyklady/IEEE488_SCPI_19_1.pdf>
Package pdftex.def Info: ./wyklady/IEEE488_SCPI_19_1.pdf used on input line 169
.
(pdftex.def)             Requested size: 256.0748pt x 222.32741pt.
 [43 <F:/Uczelnia/Sem 5/IwSK/iwsk_ultimate/wyklady/IEEE488_SCPI_19_1.pdf, page 
is rotated 90 degrees>]

pdfTeX warning: pdflatex.exe (file F:/Uczelnia/Sem 5/IwSK/iwsk_ultimate/wyklady
/IEEE488_SCPI_21_2.pdf): PDF inclusion: found PDF version <1.7>, but at most ve
rsion <1.5> allowed
<./wyklady/IEEE488_SCPI_21_2.pdf, id=3206, 635.29343pt x 272.98677pt>
File: ./wyklady/IEEE488_SCPI_21_2.pdf Graphic file (type pdf)

<use ./wyklady/IEEE488_SCPI_21_2.pdf>
Package pdftex.def Info: ./wyklady/IEEE488_SCPI_21_2.pdf used on input line 202
.
(pdftex.def)             Requested size: 284.52756pt x 122.2639pt.

Underfull \hbox (badness 10000) in paragraph at lines 201--204

 []

[44 <F:/Uczelnia/Sem 5/IwSK/iwsk_ultimate/wyklady/IEEE488_SCPI_21_2.pdf, page i
s rotated 90 degrees>]

pdfTeX warning: pdflatex.exe (file F:/Uczelnia/Sem 5/IwSK/iwsk_ultimate/wyklady
/IEEE488_SCPI_22_1.pdf): PDF inclusion: found PDF version <1.7>, but at most ve
rsion <1.5> allowed
<./wyklady/IEEE488_SCPI_22_1.pdf, id=3229, 530.74286pt x 326.70053pt>
File: ./wyklady/IEEE488_SCPI_22_1.pdf Graphic file (type pdf)

<use ./wyklady/IEEE488_SCPI_22_1.pdf>
Package pdftex.def Info: ./wyklady/IEEE488_SCPI_22_1.pdf used on input line 225
.
(pdftex.def)             Requested size: 256.0748pt x 157.632pt.


pdfTeX warning: pdflatex.exe (file F:/Uczelnia/Sem 5/IwSK/iwsk_ultimate/wyklady
/IEEE488_SCPI_23_1.pdf): PDF inclusion: found PDF version <1.7>, but at most ve
rsion <1.5> allowed
<./wyklady/IEEE488_SCPI_23_1.pdf, id=3230, 656.1213pt x 268.22205pt>
File: ./wyklady/IEEE488_SCPI_23_1.pdf Graphic file (type pdf)

<use ./wyklady/IEEE488_SCPI_23_1.pdf>
Package pdftex.def Info: ./wyklady/IEEE488_SCPI_23_1.pdf used on input line 229
.
(pdftex.def)             Requested size: 256.0748pt x 104.68393pt.

Overfull \hbox (16.63707pt too wide) in paragraph at lines 244--245
[]\OT4/cmr/bx/n/10 SENSe \OT4/cmr/m/n/10 - kon-tro-la pod-sta-wo-we-go mo-du-ªu
 akwi-zy-cji sy-gna-ªu (blo-ku wy-ko-nu-j¡-ce-go kon-wer-sj¦ analogowo-
 []

[45 <F:/Uczelnia/Sem 5/IwSK/iwsk_ultimate/wyklady/IEEE488_SCPI_22_1.pdf, page i
s rotated 90 degrees> <F:/Uczelnia/Sem 5/IwSK/iwsk_ultimate/wyklady/IEEE488_SCP
I_23_1.pdf, page is rotated 90 degrees>]

pdfTeX warning: pdflatex.exe (file F:/Uczelnia/Sem 5/IwSK/iwsk_ultimate/wyklady
/IEEE488_SCPI_30_1.pdf): PDF inclusion: found PDF version <1.7>, but at most ve
rsion <1.5> allowed
<./wyklady/IEEE488_SCPI_30_1.pdf, id=3244, 429.02287pt x 312.42729pt>
File: ./wyklady/IEEE488_SCPI_30_1.pdf Graphic file (type pdf)

<use ./wyklady/IEEE488_SCPI_30_1.pdf>
Package pdftex.def Info: ./wyklady/IEEE488_SCPI_30_1.pdf used on input line 251
.
(pdftex.def)             Requested size: 256.0748pt x 186.49007pt.


pdfTeX warning: pdflatex.exe (file F:/Uczelnia/Sem 5/IwSK/iwsk_ultimate/wyklady
/IEEE488_SCPI_16_1.pdf): PDF inclusion: found PDF version <1.7>, but at most ve
rsion <1.5> allowed
<./wyklady/IEEE488_SCPI_16_1.pdf, id=3245, 545.95969pt x 348.26118pt>
File: ./wyklady/IEEE488_SCPI_16_1.pdf Graphic file (type pdf)

<use ./wyklady/IEEE488_SCPI_16_1.pdf>
Package pdftex.def Info: ./wyklady/IEEE488_SCPI_16_1.pdf used on input line 255
.
(pdftex.def)             Requested size: 284.52756pt x 181.50072pt.
 [46 <F:/Uczelnia/Sem 5/IwSK/iwsk_ultimate/wyklady/IEEE488_SCPI_30_1.pdf, page 
is rotated 90 degrees> <F:/Uczelnia/Sem 5/IwSK/iwsk_ultimate/wyklady/IEEE488_SC
PI_16_1.pdf, page is rotated 90 degrees>]

pdfTeX warning: pdflatex.exe (file F:/Uczelnia/Sem 5/IwSK/iwsk_ultimate/wyklady
/IEEE488_SCPI_32_1.pdf): PDF inclusion: found PDF version <1.7>, but at most ve
rsion <1.5> allowed
<./wyklady/IEEE488_SCPI_32_1.pdf, id=3271, 689.85727pt x 311.44345pt>
File: ./wyklady/IEEE488_SCPI_32_1.pdf Graphic file (type pdf)

<use ./wyklady/IEEE488_SCPI_32_1.pdf>
Package pdftex.def Info: ./wyklady/IEEE488_SCPI_32_1.pdf used on input line 267
.
(pdftex.def)             Requested size: 256.0748pt x 115.6077pt.


pdfTeX warning: pdflatex.exe (file F:/Uczelnia/Sem 5/IwSK/iwsk_ultimate/wyklady
/IEEE488_SCPI_33_1.pdf): PDF inclusion: found PDF version <1.7>, but at most ve
rsion <1.5> allowed
<./wyklady/IEEE488_SCPI_33_1.pdf, id=3272, 403.70827pt x 343.24234pt>
File: ./wyklady/IEEE488_SCPI_33_1.pdf Graphic file (type pdf)

<use ./wyklady/IEEE488_SCPI_33_1.pdf>
Package pdftex.def Info: ./wyklady/IEEE488_SCPI_33_1.pdf used on input line 269
.
(pdftex.def)             Requested size: 256.0748pt x 217.73125pt.

Underfull \hbox (badness 10000) in paragraph at lines 267--270

 []



pdfTeX warning: pdflatex.exe (file F:/Uczelnia/Sem 5/IwSK/iwsk_ultimate/wyklady
/IEEE488_SCPI_37_1.pdf): PDF inclusion: found PDF version <1.7>, but at most ve
rsion <1.5> allowed
<./wyklady/IEEE488_SCPI_37_1.pdf, id=3273, 460.84169pt x 400.73723pt>
File: ./wyklady/IEEE488_SCPI_37_1.pdf Graphic file (type pdf)

<use ./wyklady/IEEE488_SCPI_37_1.pdf>
Package pdftex.def Info: ./wyklady/IEEE488_SCPI_37_1.pdf used on input line 280
.
(pdftex.def)             Requested size: 199.16928pt x 173.19417pt.


pdfTeX warning: pdflatex.exe (file F:/Uczelnia/Sem 5/IwSK/iwsk_ultimate/wyklady
/IEEE488_SCPI_38_1.pdf): PDF inclusion: found PDF version <1.7>, but at most ve
rsion <1.5> allowed
<./wyklady/IEEE488_SCPI_38_1.pdf, id=3274, 699.7696pt x 433.41106pt>
File: ./wyklady/IEEE488_SCPI_38_1.pdf Graphic file (type pdf)

<use ./wyklady/IEEE488_SCPI_38_1.pdf>
Package pdftex.def Info: ./wyklady/IEEE488_SCPI_38_1.pdf used on input line 282
.
(pdftex.def)             Requested size: 199.16928pt x 123.3581pt.

Underfull \hbox (badness 10000) in paragraph at lines 280--283

 []


Underfull \vbox (badness 10000) has occurred while \output is active []

 [47 <F:/Uczelnia/Sem 5/IwSK/iwsk_ultimate/wyklady/IEEE488_SCPI_32_1.pdf, page 
is rotated 90 degrees> <F:/Uczelnia/Sem 5/IwSK/iwsk_ultimate/wyklady/IEEE488_SC
PI_33_1.pdf, page is rotated 90 degrees>]

pdfTeX warning: pdflatex.exe (file F:/Uczelnia/Sem 5/IwSK/iwsk_ultimate/wyklady
/IEEE488_SCPI_39_1.pdf): PDF inclusion: found PDF version <1.7>, but at most ve
rsion <1.5> allowed
<./wyklady/IEEE488_SCPI_39_1.pdf, id=3302, 345.97255pt x 391.92424pt>
File: ./wyklady/IEEE488_SCPI_39_1.pdf Graphic file (type pdf)

<use ./wyklady/IEEE488_SCPI_39_1.pdf>
Package pdftex.def Info: ./wyklady/IEEE488_SCPI_39_1.pdf used on input line 287
.
(pdftex.def)             Requested size: 199.16928pt x 225.6238pt.
)
("F:\Uczelnia\Sem 5\IwSK\iwsk_ultimate\tex\firewire.tex")
("F:\Uczelnia\Sem 5\IwSK\iwsk_ultimate\tex\zaklocenia.tex")
Package atveryend Info: Empty hook `BeforeClearDocument' on input line 86.

Underfull \vbox (badness 10000) has occurred while \output is active []

 [48 <F:/Uczelnia/Sem 5/IwSK/iwsk_ultimate/wyklady/IEEE488_SCPI_37_1.pdf, page 
is rotated 90 degrees> <F:/Uczelnia/Sem 5/IwSK/iwsk_ultimate/wyklady/IEEE488_SC
PI_38_1.pdf, page is rotated 90 degrees> <F:/Uczelnia/Sem 5/IwSK/iwsk_ultimate/
wyklady/IEEE488_SCPI_39_1.pdf, page is rotated 90 degrees>] [49]
Package atveryend Info: Empty hook `AfterLastShipout' on input line 86.

("F:\Uczelnia\Sem 5\IwSK\iwsk_ultimate\iwsk_ultimate.aux")
Package atveryend Info: Executing hook `AtVeryEndDocument' on input line 86.
Package atveryend Info: Executing hook `AtEndAfterFileList' on input line 86.
Package rerunfilecheck Info: File `iwsk_ultimate.out' has not changed.
(rerunfilecheck)             Checksum: BF176DE7FFFCD803E580D1ECA478DD4A;23178.
Package atveryend Info: Empty hook `AtVeryVeryEnd' on input line 86.
 ) 
Here is how much of TeX's memory you used:
 11782 strings out of 493921
 167701 string characters out of 3147285
 233964 words of memory out of 3000000
 14653 multiletter control sequences out of 15000+200000
 16397 words of font info for 44 fonts, out of 3000000 for 9000
 841 hyphenation exceptions out of 8191
 29i,10n,35p,582b,529s stack positions out of 5000i,500n,10000p,200000b,50000s
{C:/Program Files/MiKTeX 2.9/fonts/enc/dvips/pl/plit.enc}{C:/Program Files/Mi
KTeX 2.9/fonts/enc/dvips/pl/plsc.enc}{C:/Program Files/MiKTeX 2.9/fonts/enc/dvi
ps/pl/plrm.enc}{C:/Program Files/MiKTeX 2.9/fonts/enc/dvips/pl/plmi.enc}{C:/Pro
gram Files/MiKTeX 2.9/fonts/enc/dvips/pl/plms.enc}<C:/Program Files/MiKTeX 2.9/
fonts/type1/public/amsfonts/cm/cmsy10.pfb><C:/Program Files/MiKTeX 2.9/fonts/ty
pe1/public/pl/plbx10.pfb><C:/Program Files/MiKTeX 2.9/fonts/type1/public/pl/plb
x12.pfb><C:/Program Files/MiKTeX 2.9/fonts/type1/public/pl/plbxti10.pfb><C:/Pro
gram Files/MiKTeX 2.9/fonts/type1/public/pl/plmi10.pfb><C:/Program Files/MiKTeX
 2.9/fonts/type1/public/pl/plmi5.pfb><C:/Program Files/MiKTeX 2.9/fonts/type1/p
ublic/pl/plmi7.pfb><C:/Program Files/MiKTeX 2.9/fonts/type1/public/pl/plr10.pfb
><C:/Program Files/MiKTeX 2.9/fonts/type1/public/pl/plr12.pfb><C:/Program Files
/MiKTeX 2.9/fonts/type1/public/pl/plr17.pfb><C:/Program Files/MiKTeX 2.9/fonts/
type1/public/pl/plr5.pfb><C:/Program Files/MiKTeX 2.9/fonts/type1/public/pl/plr
7.pfb><C:/Program Files/MiKTeX 2.9/fonts/type1/public/pl/plr9.pfb><C:/Program F
iles/MiKTeX 2.9/fonts/type1/public/pl/plsy10.pfb><C:/Program Files/MiKTeX 2.9/f
onts/type1/public/pl/plti10.pfb><C:/Program Files/MiKTeX 2.9/fonts/type1/public
/pl/plti9.pfb>
Output written on iwsk_ultimate.pdf (49 pages, 4909466 bytes).
PDF statistics:
 3438 PDF objects out of 3580 (max. 8388607)
 194 named destinations out of 1000 (max. 500000)
 1280 words of extra memory for PDF output out of 10000 (max. 10000000)

