\BOOKMARK [0][-]{part.1}{\376\377\000I\000\040\000P\000y\000t\000a\000n\000i\000a\000\040\000i\000\040\000o\000d\000p\000o\000w\000i\000e\000d\000z\000i}{}% 1
\BOOKMARK [1][-]{section.1.1}{\376\377\000R\000S\000-\0002\0003\0002}{part.1}% 2
\BOOKMARK [1][-]{section.1.2}{\376\377\000U\000S\000B}{part.1}% 3
\BOOKMARK [1][-]{section.1.3}{\376\377\000I\000E\000E\000E\000\040\0001\0003\0009\0004\000\040\000F\000i\000r\000e\000w\000i\000r\000e}{part.1}% 4
\BOOKMARK [1][-]{section.1.4}{\376\377\000I\000E\000E\000E\000-\0004\0008\0008\000\040\000i\000\040\000S\000C\000P\000I}{part.1}% 5
\BOOKMARK [1][-]{section.1.5}{\376\377\000I\000n\000n\000e}{part.1}% 6
\BOOKMARK [0][-]{part.2}{\376\377\000I\000I\000\040\000O\000p\000r\000a\000c\000o\000w\000a\000n\000i\000e\000\040\000m\000a\000t\000e\000r\000i\000a\001\102\000\363\000w}{}% 7
\BOOKMARK [1][-]{section.2.1}{\376\377\000R\000S\000-\0002\0003\0002\000\040\040\023\000\040\000s\000z\000e\000r\000e\000g\000o\000w\000y\000\040\000p\000o\000r\000t\000\040\000z\000n\000a\000k\000o\000w\000y}{part.2}% 8
\BOOKMARK [2][-]{subsection.2.1.1}{\376\377\000C\000o\000\040\000t\000o\000\040\000j\000e\000s\000t\000?}{section.2.1}% 9
\BOOKMARK [2][-]{subsection.2.1.2}{\376\377\000C\000h\000a\000r\000a\000k\000t\000e\000r\000y\000s\000t\000y\000k\000a\000\040\000i\000n\000t\000e\000r\000f\000e\000j\000s\000u\000\040\000R\000S\000-\0002\0003\0002}{section.2.1}% 10
\BOOKMARK [3][-]{subsubsection.2.1.2.1}{\376\377\000T\000r\000a\000n\000s\000m\000i\000s\000j\000a\000\040\000d\000a\000n\000y\000c\000h}{subsection.2.1.2}% 11
\BOOKMARK [3][-]{subsubsection.2.1.2.2}{\376\377\000R\000o\000d\000z\000a\000j\000e\000\040\000t\000r\000a\000n\000s\000m\000i\000s\000j\000i}{subsection.2.1.2}% 12
\BOOKMARK [3][-]{subsubsection.2.1.2.3}{\376\377\000D\000e\000f\000i\000n\000i\000c\000j\000e\000\040\000d\000a\000n\000y\000c\000h}{subsection.2.1.2}% 13
\BOOKMARK [3][-]{subsubsection.2.1.2.4}{\376\377\000J\000e\000d\000n\000o\000s\000t\000k\000a\000\040\000i\000n\000f\000o\000r\000m\000a\000c\000y\000j\000n\000a\000\040\000-\000\040\000z\000n\000a\000k}{subsection.2.1.2}% 14
\BOOKMARK [3][-]{subsubsection.2.1.2.5}{\376\377\000P\000r\000z\000e\000k\000a\000z\000y\000w\000a\000n\000i\000e\000\040\000k\000o\000n\000f\000i\000g\000u\000r\000a\000c\000j\000i}{subsection.2.1.2}% 15
\BOOKMARK [3][-]{subsubsection.2.1.2.6}{\376\377\000D\000e\000f\000i\000n\000i\000c\000j\000a\000\040\000z\000n\000a\000k\000u}{subsection.2.1.2}% 16
\BOOKMARK [3][-]{subsubsection.2.1.2.7}{\376\377\000K\000o\000n\000w\000e\000n\000c\000j\000a\000\040\000n\000a\000z\000e\000w\000n\000i\000c\000z\000a\000\040\000r\000o\000d\000z\000a\000j\000\363\000w\000\040\000t\000r\000a\000n\000s\000m\000i\000s\000j\000i}{subsection.2.1.2}% 17
\BOOKMARK [3][-]{subsubsection.2.1.2.8}{\376\377\000R\000o\000d\000z\000a\000j\000e\000\040\000t\000r\000a\000n\000s\000m\000i\000s\000j\000i}{subsection.2.1.2}% 18
\BOOKMARK [3][-]{subsubsection.2.1.2.9}{\376\377\000T\000r\000a\000n\000s\000m\000i\000s\000j\000a\000\040\000w\000\040\000R\000S\000-\0002\0003\0002}{subsection.2.1.2}% 19
\BOOKMARK [3][-]{subsubsection.2.1.2.10}{\376\377\000T\000r\000y\000b\000y\000\040\000t\000r\000a\000n\000s\000m\000i\000s\000j\000i}{subsection.2.1.2}% 20
\BOOKMARK [2][-]{subsection.2.1.3}{\376\377\000K\000o\000m\000u\000n\000i\000k\000a\000c\000j\000a\000\040\000D\000T\000E\000-\000D\000C\000E\000\040\000-\000\040\000s\000y\000g\000n\000a\001\102\000y\000\040\000w\000\040\000p\000o\000r\000c\000i\000e\000\040\000R\000S\000-\0002\0003\0002}{section.2.1}% 21
\BOOKMARK [3][-]{subsubsection.2.1.3.1}{\376\377\000F\000a\000z\000y\000\040\000p\000r\000a\000c\000y\000\040\000u\000k\001\102\000a\000d\000u}{subsection.2.1.3}% 22
\BOOKMARK [3][-]{subsubsection.2.1.3.2}{\376\377\000L\000i\000n\000i\000e\000\040\000w\000\040\000z\001\102\001\005\000c\000z\000u\000\040\000R\000S\000-\0002\0003\0002}{subsection.2.1.3}% 23
\BOOKMARK [2][-]{subsection.2.1.4}{\376\377\000P\000o\001\102\001\005\000c\000z\000e\000n\000i\000e\000\040\000b\000e\000z\000m\000o\000d\000e\000m\000o\000w\000e\000\040\000D\000T\000E\000-\000D\000T\000E}{section.2.1}% 24
\BOOKMARK [2][-]{subsection.2.1.5}{\376\377\000K\000o\000n\000t\000r\000o\000l\000a\000\040\000t\000r\000a\000n\000s\000m\000i\000s\000j\000i\000:\000\040\000h\000a\000n\000d\000s\000h\000a\000k\000e\000\040\000i\000\040\000p\000r\000o\000t\000o\000k\000\363\001\102\000\040\000X\000O\000N\000/\000X\000O\000F\000F}{section.2.1}% 25
\BOOKMARK [3][-]{subsubsection.2.1.5.1}{\376\377\000H\000a\000n\000d\000s\000h\000a\000k\000e}{subsection.2.1.5}% 26
\BOOKMARK [3][-]{subsubsection.2.1.5.2}{\376\377\000P\000r\000o\000t\000o\000k\000\363\001\102\000\040\000X\000O\000N\000/\000X\000O\000F\000F}{subsection.2.1.5}% 27
\BOOKMARK [2][-]{subsection.2.1.6}{\376\377\000P\000a\000r\000a\000m\000e\000t\000r\000y\000\040\000e\000l\000e\000k\000t\000r\000y\000c\000z\000n\000e\000\040\000s\000y\000g\000n\000a\001\102\000\363\000w}{section.2.1}% 28
\BOOKMARK [2][-]{subsection.2.1.7}{\376\377\000S\000t\000a\000n\000d\000a\000r\000d\000y\000\040\000R\000S\000-\0004\0002\0003\000,\000\040\000R\000S\000-\0004\0002\0002\000,\000\040\000R\000S\000-\0004\0008\0005}{section.2.1}% 29
\BOOKMARK [3][-]{subsubsection.2.1.7.1}{\376\377\000R\000S\000-\0004\0002\0003\000A}{subsection.2.1.7}% 30
\BOOKMARK [3][-]{subsubsection.2.1.7.2}{\376\377\000R\000S\000-\0004\0002\0002\000A}{subsection.2.1.7}% 31
\BOOKMARK [3][-]{subsubsection.2.1.7.3}{\376\377\000R\000S\000-\0004\0008\0005\000A}{subsection.2.1.7}% 32
\BOOKMARK [2][-]{subsection.2.1.8}{\376\377\000S\000y\000s\000t\000e\000m\000y\000\040\000k\000o\000m\000u\000n\000i\000k\000a\000c\000y\000j\000n\000e\000\040\000o\000p\000a\000r\000t\000e\000\040\000n\000a\000\040\001\102\001\005\000c\000z\000u\000\040\000z\000n\000a\000k\000o\000w\000y\000m}{section.2.1}% 33
\BOOKMARK [3][-]{subsubsection.2.1.8.1}{\376\377\000S\000y\000s\000t\000e\000m\000\040\000o\000p\000a\000r\000t\000y\000\040\000n\000a\000\040\000s\000z\000e\000r\000e\000g\000o\000w\000y\000m\000\040\001\102\001\005\000c\000z\000u\000\040\000z\000n\000a\000k\000o\000w\000y\000m}{subsection.2.1.8}% 34
\BOOKMARK [3][-]{subsubsection.2.1.8.2}{\376\377\000S\000y\000s\000t\000e\000m\000\040\000o\000p\000a\000r\000t\000y\000\040\000n\000a\000\040\001\102\001\005\000c\000z\000u\000\040\000z\000n\000a\000k\000o\000w\000y\000m}{subsection.2.1.8}% 35
\BOOKMARK [2][-]{subsection.2.1.9}{\376\377\000S\000y\000s\000t\000e\000m\000\040\000M\000O\000D\000B\000U\000S}{section.2.1}% 36
\BOOKMARK [3][-]{subsubsection.2.1.9.1}{\376\377\000C\000h\000a\000r\000a\000k\000t\000e\000r\000y\000s\000t\000y\000k\000a}{subsection.2.1.9}% 37
\BOOKMARK [3][-]{subsubsection.2.1.9.2}{\376\377\000T\000r\000a\000n\000s\000a\000k\000c\000j\000a}{subsection.2.1.9}% 38
\BOOKMARK [3][-]{subsubsection.2.1.9.3}{\376\377\000F\000o\000r\000m\000a\000t\000\040\000w\000i\000a\000d\000o\000m\000o\001\133\000c\000i}{subsection.2.1.9}% 39
\BOOKMARK [3][-]{subsubsection.2.1.9.4}{\376\377\000R\000o\000d\000z\000a\000j\000e\000\040\000t\000r\000a\000n\000s\000a\000k\000c\000j\000i}{subsection.2.1.9}% 40
\BOOKMARK [3][-]{subsubsection.2.1.9.5}{\376\377\000R\000o\000d\000z\000a\000j\000e\000\040\000o\000d\000p\000o\000w\000i\000e\000d\000z\000i}{subsection.2.1.9}% 41
\BOOKMARK [3][-]{subsubsection.2.1.9.6}{\376\377\000P\000a\000r\000a\000m\000e\000t\000r\000y\000\040\000p\000r\000o\000t\000o\000k\000o\001\102\000u}{subsection.2.1.9}% 42
\BOOKMARK [3][-]{subsubsection.2.1.9.7}{\376\377\000R\000a\000m\000k\000a\000\040\000w\000\040\000s\000y\000s\000t\000e\000m\000i\000e\000\040\000M\000O\000D\000B\000U\000S}{subsection.2.1.9}% 43
\BOOKMARK [3][-]{subsubsection.2.1.9.8}{\376\377\000R\000o\000d\000z\000a\000j\000e\000\040\000t\000r\000a\000n\000s\000m\000i\000s\000j\000i\000\040\000r\000a\000m\000e\000k}{subsection.2.1.9}% 44
\BOOKMARK [3][-]{subsubsection.2.1.9.9}{\376\377\000R\000a\000m\000k\000a\000\040\000w\000\040\000t\000r\000y\000b\000i\000e\000\040\000A\000S\000C\000I\000I}{subsection.2.1.9}% 45
\BOOKMARK [3][-]{subsubsection.2.1.9.10}{\376\377\000R\000a\000m\000k\000a\000\040\000w\000\040\000t\000r\000y\000b\000i\000e\000\040\000R\000T\000U}{subsection.2.1.9}% 46
\BOOKMARK [3][-]{subsubsection.2.1.9.11}{\376\377\000W\000a\000r\000s\000t\000w\000a\000\040\000f\000i\000z\000y\000c\000z\000n\000a}{subsection.2.1.9}% 47
\BOOKMARK [2][-]{subsection.2.1.10}{\376\377\000K\000o\000n\000t\000r\000o\000l\000e\000r\000\040\000R\000S\000-\0002\0003\0002\000\040\000w\000\040\000k\000o\000m\000p\000u\000t\000e\000r\000z\000e\000\040\000P\000C}{section.2.1}% 48
\BOOKMARK [1][-]{section.2.2}{\376\377\000U\000S\000B\000\040\040\023\000\040\000U\000n\000i\000w\000e\000r\000s\000a\000l\000n\000y\000\040\000i\000n\000t\000e\000r\000f\000e\000j\000s\000\040\000s\000z\000e\000r\000e\000g\000o\000w\000y}{part.2}% 49
\BOOKMARK [2][-]{subsection.2.2.1}{\376\377\000Z\000a\000l\000e\000t\000y}{section.2.2}% 50
\BOOKMARK [2][-]{subsection.2.2.2}{\376\377\000P\000a\000r\000a\000m\000e\000t\000r\000y}{section.2.2}% 51
\BOOKMARK [2][-]{subsection.2.2.3}{\376\377\000C\000h\000a\000r\000a\000k\000t\000e\000r\000y\000s\000t\000y\000k\000a\000\040\000s\000y\000s\000t\000e\000m\000u\000\040\000U\000S\000B}{section.2.2}% 52
\BOOKMARK [3][-]{subsubsection.2.2.3.1}{\376\377\000P\000o\000d\000s\000t\000a\000w\000o\000w\000e\000\040\000w\001\102\000a\001\133\000c\000i\000w\000o\001\133\000c\000i\000\040\000i\000n\000t\000e\000r\000f\000e\000j\000s\000u\000\040\000U\000S\000B}{subsection.2.2.3}% 53
\BOOKMARK [3][-]{subsubsection.2.2.3.2}{\376\377\001\132\000r\000o\000d\000o\000w\000i\000s\000k\000o\000\040\000s\000y\000g\000n\000a\001\102\000o\000w\000e}{subsection.2.2.3}% 54
\BOOKMARK [3][-]{subsubsection.2.2.3.3}{\376\377\000S\000r\000o\000d\000o\000w\000i\000s\000k\000o\000\040\000f\000i\000z\000y\000c\000z\000n\000e}{subsection.2.2.3}% 55
\BOOKMARK [3][-]{subsubsection.2.2.3.4}{\376\377\000R\000a\000m\000k\000i\000\040\000i\000\040\000m\000i\000k\000r\000o\000\040\000r\000a\000m\000k\000i}{subsection.2.2.3}% 56
\BOOKMARK [3][-]{subsubsection.2.2.3.5}{\376\377\000M\000o\000d\000e\000l\000\040\000k\000o\000m\000u\000n\000i\000k\000a\000c\000y\000j\000n\000y}{subsection.2.2.3}% 57
\BOOKMARK [3][-]{subsubsection.2.2.3.6}{\376\377\000T\000r\000a\000n\000s\000f\000e\000r\000y\000\040\000U\000S\000B}{subsection.2.2.3}% 58
\BOOKMARK [3][-]{subsubsection.2.2.3.7}{\376\377\000Z\000a\000r\000z\001\005\000d\000z\000e\000n\000i\000e\000\040\000m\000a\000g\000i\000s\000t\000r\000a\000l\001\005\000\040\000U\000S\000B}{subsection.2.2.3}% 59
\BOOKMARK [3][-]{subsubsection.2.2.3.8}{\376\377\000S\000t\000a\000n\000y\000\040\000u\000r\000z\001\005\000d\000z\000e\000n\000i\000a\000\040\000U\000S\000B}{subsection.2.2.3}% 60
\BOOKMARK [3][-]{subsubsection.2.2.3.9}{\376\377\000H\000u\000b\000\040\000w\000\040\000s\000y\000s\000t\000e\000m\000i\000e\000\040\000U\000S\000B}{subsection.2.2.3}% 61
\BOOKMARK [2][-]{subsection.2.2.4}{\376\377\000P\000r\000o\000t\000o\000k\000\363\001\102\000\040\000k\000o\000m\000u\000n\000i\000k\000a\000c\000y\000j\000n\000y}{section.2.2}% 62
\BOOKMARK [3][-]{subsubsection.2.2.4.1}{\376\377\000W\001\102\000a\001\133\000c\000i\000w\000o\001\133\000c\000i}{subsection.2.2.4}% 63
\BOOKMARK [3][-]{subsubsection.2.2.4.2}{\376\377\000F\000o\000r\000m\000a\000t\000\040\000i\000\040\000t\000y\000p\000y\000\040\000p\000a\000k\000i\000e\000t\000\363\000w\000\040\000U\000S\000B}{subsection.2.2.4}% 64
\BOOKMARK [3][-]{subsubsection.2.2.4.3}{\376\377\000R\000e\000a\000k\000c\000j\000a\000\040\000n\000a\000\040\000b\001\102\001\031\000d\000y}{subsection.2.2.4}% 65
\BOOKMARK [3][-]{subsubsection.2.2.4.4}{\376\377\000C\000z\000a\000s\000\040\000o\000b\000i\000e\000g\000u\000\040\000\050\000r\000o\000u\000n\000d\000\040\000t\000r\000i\000p\000\040\000d\000e\000l\000a\000y\000\051}{subsection.2.2.4}% 66
\BOOKMARK [2][-]{subsection.2.2.5}{\376\377\000D\000e\000s\000k\000r\000y\000p\000t\000o\000r\000y\000\040\000w\000\040\000u\000r\000z\001\005\000d\000z\000e\000n\000i\000a\000c\000h\000\040\000U\000S\000B}{section.2.2}% 67
\BOOKMARK [3][-]{subsubsection.2.2.5.1}{\376\377\000H\000i\000e\000r\000a\000r\000c\000h\000i\000c\000z\000n\000a\000\040\000s\000t\000r\000u\000k\000t\000u\000r\000a\000\040\000d\000e\000s\000k\000r\000y\000p\000t\000o\000r\000\363\000w\000\040\000w\000\040\000u\000r\000z\001\005\000d\000z\000e\000n\000i\000u\000\040\000U\000S\000B}{subsection.2.2.5}% 68
\BOOKMARK [3][-]{subsubsection.2.2.5.2}{\376\377\000R\000o\000d\000z\000a\000j\000e\000\040\000d\000e\000s\000k\000r\000y\000p\000t\000o\000r\000\363\000w}{subsection.2.2.5}% 69
\BOOKMARK [2][-]{subsection.2.2.6}{\376\377\000W\000y\000k\000r\000y\000w\000a\000n\000i\000e\000\040\000i\000\040\000k\000o\000n\000f\000i\000g\000u\000r\000a\000c\000j\000a\000\040\000u\000r\000z\001\005\000d\000z\000e\001\104}{section.2.2}% 70
\BOOKMARK [3][-]{subsubsection.2.2.6.1}{\376\377\000P\000r\000o\000c\000e\000d\000u\000r\000a\000\040\000e\000n\000u\000m\000e\000r\000a\000c\000j\000i\000\040\000u\000r\000z\001\005\000d\000z\000e\000n\000i\000a}{subsection.2.2.6}% 71
\BOOKMARK [2][-]{subsection.2.2.7}{\376\377\000K\000o\000n\000t\000r\000o\000l\000a\000\040\000u\000r\000z\001\005\000d\000z\000e\000n\000i\000a\000\040\040\023\000\040\000t\000r\000a\000n\000s\000f\000e\000r\000\040\000k\000o\000n\000t\000r\000o\000l\000n\000y}{section.2.2}% 72
\BOOKMARK [3][-]{subsubsection.2.2.7.1}{\376\377\000E\000t\000a\000p\000y\000\040\000t\000r\000a\000n\000s\000f\000e\000r\000u\000\040\000k\000o\000n\000t\000r\000o\000l\000n\000e\000g\000o}{subsection.2.2.7}% 73
\BOOKMARK [2][-]{subsection.2.2.8}{\376\377\000H\000u\000b\000\040\000U\000S\000B}{section.2.2}% 74
\BOOKMARK [3][-]{subsubsection.2.2.8.1}{\376\377\000C\000o\000\040\000t\000o\000\040\000j\000e\000s\000t\000?}{subsection.2.2.8}% 75
\BOOKMARK [3][-]{subsubsection.2.2.8.2}{\376\377\000H\000U\000B\000\040\000z\000a\000s\000i\000l\000a\000n\000y\000\040\000z\000\040\000m\000a\000g\000i\000s\000t\000r\000a\000l\000i}{subsection.2.2.8}% 76
\BOOKMARK [3][-]{subsubsection.2.2.8.3}{\376\377\000P\000r\000o\000c\000e\000s\000\040\000k\000o\000n\000f\000i\000g\000u\000r\000a\000c\000y\000j\000n\000y\000\040\000h\000u\000b\000a}{subsection.2.2.8}% 77
\BOOKMARK [3][-]{subsubsection.2.2.8.4}{\376\377\000P\000u\000n\000k\000t\000\040\000k\000o\001\104\000c\000o\000w\000y\000\040\000h\000u\000b\000a\000\040\000"\000z\000m\000i\000a\000n\000y\000\040\000w\000\040\000h\000u\000b\000i\000e\000"}{subsection.2.2.8}% 78
\BOOKMARK [3][-]{subsubsection.2.2.8.5}{\376\377\000D\000z\000i\000a\001\102\000a\000n\000i\000e}{subsection.2.2.8}% 79
\BOOKMARK [2][-]{subsection.2.2.9}{\376\377\000Z\000a\000s\000i\000l\000a\000n\000i\000e\000\040\000u\000r\000z\001\005\000d\000z\000e\001\104\000\040\000w\000\040\000s\000y\000s\000t\000e\000m\000i\000e\000\040\000U\000S\000B}{section.2.2}% 80
\BOOKMARK [3][-]{subsubsection.2.2.9.1}{\376\377\000M\000o\001\174\000l\000i\000w\000e\000\040\000z\000a\000s\000i\000l\000a\000n\000i\000a\000\040\000u\000r\000z\001\005\000d\000z\000e\001\104\000\040\000U\000S\000B}{subsection.2.2.9}% 81
\BOOKMARK [3][-]{subsubsection.2.2.9.2}{\376\377\000Z\000a\000s\000i\000l\000a\000n\000i\000e\000\040\000h\000u\000b\000\363\000w\000\040\000i\000\040\000p\000o\000z\000o\000s\000t\000a\001\102\000y\000c\000h\000\040\000u\000r\000z\001\005\000d\000z\000e\001\104}{subsection.2.2.9}% 82
\BOOKMARK [3][-]{subsubsection.2.2.9.3}{\376\377\000U\000r\000z\001\005\000d\000z\000e\000n\000i\000e\000\040\000z\000a\000s\000i\000l\000a\000n\000e\000\040\000z\000\040\000m\000a\000g\000i\000s\000t\000r\000a\000l\000i}{subsection.2.2.9}% 83
\BOOKMARK [3][-]{subsubsection.2.2.9.4}{\376\377\000Z\000a\000r\000z\001\005\000d\000z\000a\000n\000i\000e\000\040\000z\000a\000s\000i\000l\000a\000n\000i\000e\000m}{subsection.2.2.9}% 84
\BOOKMARK [2][-]{subsection.2.2.10}{\376\377\000R\000o\000z\000w\000i\001\005\000z\000a\000n\000i\000a\000\040\000h\000o\000s\000t\000\040\000k\000o\000n\000t\000r\000o\000l\000e\000r\000\363\000w}{section.2.2}% 85
\BOOKMARK [3][-]{subsubsection.2.2.10.1}{\376\377\000C\000o\000\040\000t\000o\000\040\000j\000e\000s\000t\000?}{subsection.2.2.10}% 86
\BOOKMARK [3][-]{subsubsection.2.2.10.2}{\376\377\000R\000o\000z\000w\000i\001\005\000z\000a\000n\000i\000a}{subsection.2.2.10}% 87
\BOOKMARK [3][-]{subsubsection.2.2.10.3}{\376\377\000U\000n\000i\000w\000e\000r\000s\000a\000l\000n\000y\000\040\000h\000o\000s\000t\000\040\000k\000o\000n\000t\000r\000o\000l\000e\000r\000\040\000\050\000U\000H\000C\000\051}{subsection.2.2.10}% 88
\BOOKMARK [3][-]{subsubsection.2.2.10.4}{\376\377\000O\000t\000w\000a\000r\000t\000y\000\040\000h\000o\000s\000t\000\040\000k\000o\000n\000t\000r\000o\000l\000e\000r\000\040\000\050\000O\000H\000C\000\051}{subsection.2.2.10}% 89
\BOOKMARK [2][-]{subsection.2.2.11}{\376\377\000U\000S\000B\000\040\0002\000.\0000\000\040\000-\000\040\000r\000o\000z\000s\000z\000e\000r\000z\000e\000n\000i\000e\000\040\000s\000t\000a\000n\000d\000a\000r\000d\000u}{section.2.2}% 90
\BOOKMARK [3][-]{subsubsection.2.2.11.1}{\376\377\000W\000a\001\174\000n\000i\000e\000j\000s\000z\000e\000\040\000e\000l\000e\000m\000e\000n\000t\000y\000\040\000w\000p\000r\000o\000w\000a\000d\000z\000o\000n\000e\000\040\000w\000\040\000U\000S\000B\000\040\0002\000.\0000}{subsection.2.2.11}% 91
\BOOKMARK [3][-]{subsubsection.2.2.11.2}{\376\377\000W\000y\000s\000o\000k\000a\000\040\000s\000z\000y\000b\000k\000o\001\133\001\007\000\040\000t\000r\000a\000n\000s\000m\000i\000s\000j\000i}{subsection.2.2.11}% 92
\BOOKMARK [3][-]{subsubsection.2.2.11.3}{\376\377\000P\000r\000o\000t\000o\000k\000\363\001\102\000\040\000P\000I\000N\000G\000-\000N\000Y\000E\000T}{subsection.2.2.11}% 93
\BOOKMARK [3][-]{subsubsection.2.2.11.4}{\376\377\000T\000r\000a\000n\000s\000a\000k\000c\000j\000a\000\040\000S\000P\000L\000I\000T}{subsection.2.2.11}% 94
\BOOKMARK [3][-]{subsubsection.2.2.11.5}{\376\377\000K\000o\000m\000u\000n\000i\000k\000a\000c\000j\000a\000\040\000z\000\040\000s\000z\000e\000r\000o\000k\000o\000p\000a\000s\000m\000o\000w\000y\000m\000\040\000p\000u\000n\000k\000t\000e\000m\000\040\000i\000z\000o\000c\000h\000r\000o\000n\000i\000c\000z\000n\000y\000m}{subsection.2.2.11}% 95
\BOOKMARK [3][-]{subsubsection.2.2.11.6}{\376\377\000S\000p\000e\000c\000j\000a\000l\000n\000e\000\040\000p\000a\000k\000i\000e\000t\000y\000\040\000T\000O\000K\000E\000N\000\040\000w\000p\000r\000o\000w\000a\000d\000z\000o\000n\000e\000\040\000w\000\040\000U\000S\000B\000\040\0002\000.\0000}{subsection.2.2.11}% 96
\BOOKMARK [1][-]{section.2.3}{\376\377\000I\000E\000E\000E\000-\0004\0008\0008\000\040\000a\000n\000d\000\040\000S\000C\000P\000I\000\040\000s\000t\000a\000n\000d\000a\000r\000d\000s}{part.2}% 97
\BOOKMARK [2][-]{subsection.2.3.1}{\376\377\000I\000E\000E\000E\000-\0004\0008\0008\000\040\000\050\000G\000P\000I\000B\000\051}{section.2.3}% 98
\BOOKMARK [3][-]{subsubsection.2.3.1.1}{\376\377\000I\000n\000t\000e\000r\000f\000a\000c\000e\000\040\000p\000r\000o\000f\000i\000l\000e}{subsection.2.3.1}% 99
\BOOKMARK [3][-]{subsubsection.2.3.1.2}{\376\377\000M\000a\000g\000i\000s\000t\000r\000a\000l\000a}{subsection.2.3.1}% 100
\BOOKMARK [3][-]{subsubsection.2.3.1.3}{\376\377\000F\000u\000n\000k\000c\000j\000e\000\040\000i\000n\000t\000e\000r\000f\000e\000j\000s\000o\000w\000e}{subsection.2.3.1}% 101
\BOOKMARK [3][-]{subsubsection.2.3.1.4}{\376\377\000P\000o\000d\000z\000i\000a\001\102\000\040\000k\000o\000m\000u\000n\000i\000k\000a\000t\000\363\000w}{subsection.2.3.1}% 102
\BOOKMARK [3][-]{subsubsection.2.3.1.5}{\376\377\000Z\001\102\001\005\000c\000z\000e\000\040\000i\000n\000t\000e\000r\000f\000e\000j\000s\000u\000\040\000\050\000c\000o\000n\000n\000e\000c\000t\000o\000r\000\051}{subsection.2.3.1}% 103
\BOOKMARK [3][-]{subsubsection.2.3.1.6}{\376\377\000S\000c\000h\000e\000m\000a\000t\000\040\000b\000l\000o\000k\000o\000w\000y\000\040\000i\000n\000t\000e\000r\000f\000e\000j\000s\000u\000\040\000G\000P\000I\000B}{subsection.2.3.1}% 104
\BOOKMARK [2][-]{subsection.2.3.2}{\376\377\000S\000t\000a\000n\000d\000a\000r\000d\000\040\000I\000E\000E\000E\000-\0004\0008\0008\000.\0002}{section.2.3}% 105
\BOOKMARK [3][-]{subsubsection.2.3.2.1}{\376\377\000S\000c\000h\000e\000m\000a\000t\000\040\000f\000u\000n\000k\000c\000j\000o\000n\000a\000l\000n\000y\000\040\000u\000r\000z\001\005\000d\000z\000e\000n\000i\000a}{subsection.2.3.2}% 106
\BOOKMARK [3][-]{subsubsection.2.3.2.2}{\376\377\000P\000r\000o\000t\000o\000k\000\363\001\102\000\040\000w\000y\000m\000i\000a\000n\000y\000\040\000k\000o\000m\000u\000n\000i\000k\000a\000t\000\363\000w}{subsection.2.3.2}% 107
\BOOKMARK [2][-]{subsection.2.3.3}{\376\377\000S\000t\000a\000n\000d\000a\000r\000d\000\040\000S\000C\000P\000I}{section.2.3}% 108
\BOOKMARK [3][-]{subsubsection.2.3.3.1}{\376\377\000B\000u\000d\000o\000w\000a\000\040\000k\000o\000m\000u\000n\000i\000k\000a\000t\000\363\000w}{subsection.2.3.3}% 109
\BOOKMARK [3][-]{subsubsection.2.3.3.2}{\376\377\000M\000o\000d\000e\000l\000\040\000u\000r\000z\001\005\000d\000z\000e\000n\000i\000a\000\040\000w\000\040\000s\000t\000a\000n\000d\000a\000r\000d\000z\000i\000e\000\040\000S\000C\000P\000I}{subsection.2.3.3}% 110
\BOOKMARK [3][-]{subsubsection.2.3.3.3}{\376\377\000P\000o\000d\000s\000y\000s\000t\000e\000m\000y\000\040\000w\000\040\000s\000t\000a\000n\000d\000a\000r\000d\000z\000i\000e\000\040\000S\000C\000P\000I}{subsection.2.3.3}% 111
\BOOKMARK [3][-]{subsubsection.2.3.3.4}{\376\377\000P\000a\000r\000a\000m\000e\000t\000r\000y}{subsection.2.3.3}% 112
\BOOKMARK [3][-]{subsubsection.2.3.3.5}{\376\377\000K\000o\000n\000t\000r\000o\000l\000a\000\040\000u\000r\000z\001\005\000d\000z\000e\001\104}{subsection.2.3.3}% 113
\BOOKMARK [3][-]{subsubsection.2.3.3.6}{\376\377\000S\000y\000s\000t\000e\000m\000\040\000r\000e\000j\000e\000s\000t\000r\000\363\000w\000\040\000s\000t\000a\000t\000u\000s\000u}{subsection.2.3.3}% 114
\BOOKMARK [3][-]{subsubsection.2.3.3.7}{\376\377\000S\000y\000n\000c\000h\000r\000o\000n\000i\000z\000a\000c\000j\000a\000\040\000u\000r\000z\001\005\000d\000z\000e\001\104\000\040\000z\000\040\000a\000p\000l\000i\000k\000a\000c\000j\001\005\000\040\000w\000\040\000s\000t\000a\000n\000d\000a\000r\000d\000z\000i\000e\000\040\000S\000C\000P\000I}{subsection.2.3.3}% 115
\BOOKMARK [3][-]{subsubsection.2.3.3.8}{\376\377\000W\000y\000z\000w\000a\000l\000a\000n\000i\000e\000\040\000o\000p\000e\000r\000a\000c\000j\000i\000\040\000\050\000d\000e\000v\000i\000c\000e\000\040\000t\000r\000i\000g\000g\000e\000r\000\051}{subsection.2.3.3}% 116
\BOOKMARK [1][-]{section.2.4}{\376\377\000I\000E\000E\000E\000-\0001\0003\0009\0004\000\040\000\050\000F\000i\000r\000e\000W\000i\000r\000e\000\051}{part.2}% 117
\BOOKMARK [2][-]{subsection.2.4.1}{\376\377\000M\000o\001\174\000l\000i\000w\000o\001\133\000c\000i\000\040\000i\000n\000t\000e\000r\000f\000e\000j\000s\000u\000\040\000I\000E\000E\000E\000\040\0001\0003\0009\0004\000a}{section.2.4}% 118
\BOOKMARK [2][-]{subsection.2.4.2}{\376\377\000T\000o\000p\000o\000l\000o\000g\000i\000a\000\040\000i\000\040\000i\000n\000t\000e\000r\000f\000e\000j\000s\000\040\000I\000E\000E\000E\000\040\0001\0003\0009\0004\000a}{section.2.4}% 119
\BOOKMARK [2][-]{subsection.2.4.3}{\376\377\000A\000r\000c\000h\000i\000t\000e\000k\000t\000u\000r\000a\000\040\000w\001\031\000z\001\102\000a}{section.2.4}% 120
\BOOKMARK [2][-]{subsection.2.4.4}{\376\377\000P\000r\000z\000e\000s\000t\000r\000z\000e\001\104\000\040\000a\000d\000r\000e\000s\000o\000w\000a\000\040\000i\000\040\000j\000e\000j\000\040\000p\000o\000d\000z\000i\000a\001\102}{section.2.4}% 121
\BOOKMARK [2][-]{subsection.2.4.5}{\376\377\000T\000r\000a\000n\000s\000f\000e\000r\000y\000\040\000i\000\040\000t\000r\000a\000n\000s\000a\000k\000c\000j\000e}{section.2.4}% 122
\BOOKMARK [3][-]{subsubsection.2.4.5.1}{\376\377\000T\000r\000a\000n\000s\000a\000k\000c\000j\000e\000\040\000a\000s\000y\000n\000c\000h\000r\000o\000n\000i\000c\000z\000n\000e}{subsection.2.4.5}% 123
\BOOKMARK [3][-]{subsubsection.2.4.5.2}{\376\377\000T\000r\000a\000n\000s\000a\000k\000c\000j\000e\000\040\000i\000z\000o\000c\000h\000r\000o\000n\000i\000c\000z\000n\000e}{subsection.2.4.5}% 124
\BOOKMARK [2][-]{subsection.2.4.6}{\376\377\000K\000o\000n\000f\000i\000g\000u\000r\000a\000c\000j\000a\000\040\000u\000r\000z\001\005\000d\000z\000e\001\104\000\040\000d\000o\000\040\000k\000o\000m\000u\000n\000i\000k\000a\000c\000j\000i\000,\000\040\000w\000s\000p\000\363\001\102\000d\000z\000i\000e\000l\000e\000n\000i\000e\000\040\000m\000a\000g\000i\000s\000t\000r\000a\000l\000i}{section.2.4}% 125
\BOOKMARK [3][-]{subsubsection.2.4.6.1}{\376\377\000K\000o\000n\000f\000i\000g\000u\000r\000a\000c\000j\000a}{subsection.2.4.6}% 126
\BOOKMARK [3][-]{subsubsection.2.4.6.2}{\376\377\000W\000s\000p\000\363\001\102\000d\000z\000i\000e\000l\000e\000n\000i\000e\000\040\000m\000a\000g\000i\000s\000t\000r\000a\000l\000i}{subsection.2.4.6}% 127
\BOOKMARK [2][-]{subsection.2.4.7}{\376\377\000M\000o\000d\000e\000l\000\040\000k\000o\000m\000u\000n\000i\000k\000a\000c\000y\000j\000n\000y}{section.2.4}% 128
\BOOKMARK [3][-]{subsubsection.2.4.7.1}{\376\377\000W\000a\000r\000s\000t\000w\000a\000\040\000z\000a\000r\000z\001\005\000d\000z\000a\000n\000i\000a\000\040\000m\000a\000g\000i\000s\000t\000r\000a\000l\001\005}{subsection.2.4.7}% 129
\BOOKMARK [3][-]{subsubsection.2.4.7.2}{\376\377\000W\000a\000r\000s\000t\000w\000a\000\040\000t\000r\000a\000n\000s\000a\000k\000c\000j\000i}{subsection.2.4.7}% 130
\BOOKMARK [3][-]{subsubsection.2.4.7.3}{\376\377\000W\000a\000r\000s\000t\000w\000a\000\040\000p\000o\001\102\001\005\000c\000z\000e\000n\000i\000o\000w\000a}{subsection.2.4.7}% 131
\BOOKMARK [3][-]{subsubsection.2.4.7.4}{\376\377\000W\000a\000r\000s\000t\000w\000a\000\040\000f\000i\000z\000y\000c\000z\000n\000a}{subsection.2.4.7}% 132
\BOOKMARK [2][-]{subsection.2.4.8}{\376\377\000I\000n\000t\000e\000r\000f\000e\000j\000s\000\040\000f\000i\000z\000y\000c\000z\000n\000y}{section.2.4}% 133
\BOOKMARK [2][-]{subsection.2.4.9}{\376\377\000I\000n\000t\000e\000r\000f\000e\000j\000s\000\040\000s\000y\000g\000n\000a\001\102\000o\000w\000y}{section.2.4}% 134
\BOOKMARK [2][-]{subsection.2.4.10}{\376\377\000D\000e\000t\000e\000k\000c\000j\000a\000\040\000s\000z\000y\000b\000k\000o\001\133\000c\000i\000\040\000t\000r\000a\000n\000s\000m\000i\000s\000j\000i}{section.2.4}% 135
\BOOKMARK [2][-]{subsection.2.4.11}{\376\377\000D\000y\000s\000t\000r\000y\000b\000u\000c\000j\000a\000\040\000z\000a\000s\000i\000l\000a\000n\000i\000a}{section.2.4}% 136
\BOOKMARK [3][-]{subsubsection.2.4.11.1}{\376\377\000K\000l\000a\000s\000a\000\040\000z\000a\000s\000i\000l\000a\000n\000i\000a}{subsection.2.4.11}% 137
\BOOKMARK [3][-]{subsubsection.2.4.11.2}{\376\377\000D\000y\000s\000t\000r\000y\000b\000u\000c\000j\000a\000\040\000z\000a\000s\000i\000l\000a\000n\000i\000a}{subsection.2.4.11}% 138
\BOOKMARK [2][-]{subsection.2.4.12}{\376\377\000A\000r\000b\000i\000t\000r\000a\001\174}{section.2.4}% 139
\BOOKMARK [3][-]{subsubsection.2.4.12.1}{\376\377\000R\000o\000d\000z\000a\000j\000e\000\040\000a\000r\000b\000i\000t\000r\000a\001\174\000u}{subsection.2.4.12}% 140
\BOOKMARK [3][-]{subsubsection.2.4.12.2}{\376\377\000P\000r\000z\000y\000k\001\102\000a\000d\000u\000\040\000a\000r\000b\000i\000t\000r\000a\001\174\000u}{subsection.2.4.12}% 141
\BOOKMARK [3][-]{subsubsection.2.4.12.3}{\376\377\000A\000r\000b\000i\000t\000r\000a\001\174\000\040\000a\000s\000y\000n\000c\000h\000r\000o\000n\000i\000c\000z\000n\000y}{subsection.2.4.12}% 142
\BOOKMARK [3][-]{subsubsection.2.4.12.4}{\376\377\000A\000r\000b\000i\000t\000r\000a\001\174\000\040\000i\000z\000o\000c\000h\000r\000o\000n\000i\000c\000z\000n\000y}{subsection.2.4.12}% 143
\BOOKMARK [3][-]{subsubsection.2.4.12.5}{\376\377\001\101\001\005\000c\000z\000e\000n\000i\000e\000\040\000a\000r\000b\000i\000t\000r\000a\001\174\000y\000\040\000i\000z\000o\000c\000h\000r\000o\000n\000i\000c\000z\000n\000e\000g\000o\000\040\000i\000\040\000a\000s\000y\000n\000c\000h\000r\000o\000n\000i\000c\000z\000n\000e\000g\000o}{subsection.2.4.12}% 144
\BOOKMARK [2][-]{subsection.2.4.13}{\376\377\000P\000a\000k\000i\000e\000t\000y}{section.2.4}% 145
\BOOKMARK [2][-]{subsection.2.4.14}{\376\377\000I\000n\000t\000e\000r\000f\000e\000j\000s\000\040\000L\000I\000N\000K\000-\000P\000H\000Y}{section.2.4}% 146
\BOOKMARK [2][-]{subsection.2.4.15}{\376\377\000P\000o\000n\000o\000w\000i\000e\000n\000i\000e\000\040\000t\000r\000a\000n\000s\000a\000k\000c\000j\000i}{section.2.4}% 147
\BOOKMARK [2][-]{subsection.2.4.16}{\376\377\000K\000o\000n\000f\000i\000g\000u\000r\000a\000c\000j\000a\000\040\000m\000a\000g\000i\000s\000t\000r\000a\000l\000i}{section.2.4}% 148
\BOOKMARK [3][-]{subsubsection.2.4.16.1}{\376\377\000R\000e\000s\000e\000t\000\040\000m\000a\000g\000i\000s\000t\000r\000a\000l\000i}{subsection.2.4.16}% 149
\BOOKMARK [3][-]{subsubsection.2.4.16.2}{\376\377\000I\000d\000e\000n\000t\000y\000f\000i\000k\000a\000c\000j\000a\000\040\000d\000r\000z\000e\000w\000a\000\040\000s\000y\000s\000t\000e\000m\000u\000\040\000\050\000T\000r\000e\000e\000\137\000I\000D\000\051}{subsection.2.4.16}% 150
\BOOKMARK [3][-]{subsubsection.2.4.16.3}{\376\377\000S\000a\000m\000o\000i\000d\000e\000n\000t\000y\000f\000i\000k\000a\000c\000j\000a\000\040\000\050\000S\000e\000l\000f\000\137\000I\000D\000\051}{subsection.2.4.16}% 151
\BOOKMARK [2][-]{subsection.2.4.17}{\376\377\000Z\000a\000r\000z\001\005\000d\000z\000a\000n\000i\000e\000\040\000z\000a\000s\000i\000l\000a\000n\000i\000e\000m}{section.2.4}% 152
\BOOKMARK [3][-]{subsubsection.2.4.17.1}{\376\377\000N\000a\000j\000w\000a\001\174\000n\000i\000e\000j\000s\000z\000e\000\040\000c\000e\000c\000h\000y\000\040\000s\000y\000s\000t\000e\000m\000u\000\040\000z\000a\000s\000i\000l\000a\000n\000i\000a}{subsection.2.4.17}% 153
\BOOKMARK [3][-]{subsubsection.2.4.17.2}{\376\377\000W\000\040\000d\000o\000k\000u\000m\000e\000n\000c\000i\000e\000\040\000P\000o\000w\000e\000r\000\040\000D\000i\000s\000t\000r\000i\000b\000u\000t\000i\000o\000n\000\040\000w\000y\000r\000\363\001\174\000n\000i\000o\000n\000o}{subsection.2.4.17}% 154
\BOOKMARK [3][-]{subsubsection.2.4.17.3}{\376\377\000D\000o\000s\000t\000a\000w\000c\000a\000\040\000z\000a\000s\000i\000l\000a\000n\000i\000a}{subsection.2.4.17}% 155
\BOOKMARK [3][-]{subsubsection.2.4.17.4}{\376\377\000A\000l\000t\000e\000r\000n\000a\000t\000y\000w\000n\000y\000\040\000d\000o\000s\000t\000a\000w\000c\000a\000\040\000z\000a\000s\000i\000l\000a\000n\000i\000a}{subsection.2.4.17}% 156
\BOOKMARK [3][-]{subsubsection.2.4.17.5}{\376\377\000K\000o\000n\000s\000u\000m\000e\000n\000t\000\040\000z\000a\000s\000i\000l\000a\000n\000i\000a}{subsection.2.4.17}% 157
\BOOKMARK [3][-]{subsubsection.2.4.17.6}{\376\377\000Z\000a\000w\000i\000e\000s\000z\000e\000n\000i\000e\000\040\000p\000o\000r\000t\000u}{subsection.2.4.17}% 158
\BOOKMARK [3][-]{subsubsection.2.4.17.7}{\376\377\000W\000z\000n\000o\000w\000i\000e\000n\000i\000e}{subsection.2.4.17}% 159
\BOOKMARK [0][-]{part.3}{\376\377\000I\000I\000I\000\040\000B\000l\000u\000e\000t\000o\000o\000t\000h}{}% 160
\BOOKMARK [1][-]{section.3.1}{\376\377\000P\000o\000s\000t\000a\000w\000y\000\040\000B\000T}{part.3}% 161
\BOOKMARK [2][-]{subsection.3.1.1}{\376\377\000W\001\102\000a\001\133\000c\000i\000w\000o\001\133\000c\000i}{section.3.1}% 162
\BOOKMARK [2][-]{subsection.3.1.2}{\376\377\000K\000o\000n\000f\000i\000g\000u\000r\000a\000c\000j\000a}{section.3.1}% 163
\BOOKMARK [1][-]{section.3.2}{\376\377\000P\000r\000z\000e\000s\000k\000o\000k\000i\000\040\000c\000z\001\031\000s\000t\000o\000t\000l\000i\000w\000o\001\133\000c\000i}{part.3}% 164
\BOOKMARK [1][-]{section.3.3}{\376\377\000P\000a\000r\000a\000m\000e\000t\000r\000y}{part.3}% 165
\BOOKMARK [2][-]{subsection.3.3.1}{\376\377\000M\000o\000c\000\040\000n\000a\000d\000a\000j\000n\000i\000k\000\363\000w\000\040\000B\000T}{section.3.3}% 166
\BOOKMARK [2][-]{subsection.3.3.2}{\376\377\000M\000o\000d\000u\000l\000a\000c\000j\000a}{section.3.3}% 167
\BOOKMARK [2][-]{subsection.3.3.3}{\376\377\000S\000z\000y\000b\000k\000o\001\133\001\007\000\040\000b\000i\000t\000o\000w\000a}{section.3.3}% 168
\BOOKMARK [1][-]{section.3.4}{\376\377\000A\000d\000r\000e\000s\000\040\000u\000r\000z\001\005\000d\000z\000e\000n\000i\000a}{part.3}% 169
\BOOKMARK [2][-]{subsection.3.4.1}{\376\377\000F\000o\000r\000m\000a\000t}{section.3.4}% 170
\BOOKMARK [2][-]{subsection.3.4.2}{\376\377\000W\001\102\000a\001\133\000c\000i\000w\000o\001\133\000c\000i}{section.3.4}% 171
\BOOKMARK [1][-]{section.3.5}{\376\377\000T\000r\000a\000n\000s\000m\000i\000s\000j\000a}{part.3}% 172
\BOOKMARK [2][-]{subsection.3.5.1}{\376\377\000T\000r\000a\000n\000s\000m\000i\000s\000j\000a\000\040\000s\000y\000n\000c\000h\000r\000o\000n\000i\000c\000z\000n\000a}{section.3.5}% 173
\BOOKMARK [2][-]{subsection.3.5.2}{\376\377\000T\000r\000a\000n\000s\000m\000i\000s\000j\000a\000\040\000a\000s\000y\000n\000c\000h\000r\000o\000n\000i\000c\000z\000n\000a}{section.3.5}% 174
\BOOKMARK [1][-]{section.3.6}{\376\377\000R\000o\000d\000z\000a\000j\000e\000\040\000d\000a\000n\000y\000c\000h\000\040\000i\000\040\001\102\001\005\000c\000z}{part.3}% 175
\BOOKMARK [2][-]{subsection.3.6.1}{\376\377\000R\000o\000d\000z\000a\000j\000e\000\040\000d\000a\000n\000y\000c\000h\000\040\000t\000r\000a\000n\000s\000m\000i\000t\000o\000w\000a\000n\000y\000c\000h\000\040\000w\000\040\000B\000T}{section.3.6}% 176
\BOOKMARK [2][-]{subsection.3.6.2}{\376\377\000R\000o\000d\000z\000a\000j\000e\000\040\001\102\001\005\000c\000z}{section.3.6}% 177
\BOOKMARK [1][-]{section.3.7}{\376\377\000P\000r\000z\000e\000s\000k\000o\000k\000i\000\040\000c\000z\001\031\000s\000t\000o\000t\000l\000i\000w\000o\001\133\000c\000i}{part.3}% 178
\BOOKMARK [2][-]{subsection.3.7.1}{\376\377\000W\001\102\000a\001\133\000c\000i\000w\000o\001\133\000c\000i}{section.3.7}% 179
\BOOKMARK [2][-]{subsection.3.7.2}{\376\377\000A\000d\000a\000p\000t\000a\000c\000y\000j\000n\000e\000\040\000p\000r\000z\000e\000s\000k\000o\000k\000i\000\040\000c\000z\001\031\000s\000t\000o\000t\000l\000i\000w\000o\001\133\000c\000i}{section.3.7}% 180
\BOOKMARK [1][-]{section.3.8}{\376\377\000P\000a\000k\000i\000e\000t\000y}{part.3}% 181
\BOOKMARK [2][-]{subsection.3.8.1}{\376\377\000N\000a\000g\001\102\000\363\000w\000e\000k}{section.3.8}% 182
\BOOKMARK [2][-]{subsection.3.8.2}{\376\377\000K\000o\000d\000\040\000d\000o\000s\000t\001\031\000p\000u}{section.3.8}% 183
\BOOKMARK [1][-]{section.3.9}{\376\377\000Z\000e\000g\000a\000r}{part.3}% 184
\BOOKMARK [1][-]{section.3.10}{\376\377\000I\000n\000q\000u\000i\000r\000y\000\040\000i\000\040\000P\000a\000g\000i\000n\000g}{part.3}% 185
